INFO     2021-10-06 09:49:31,971 [42709:MainThread] mopidy.__main__
  Starting Mopidy 3.1.1
INFO     2021-10-06 09:49:32,006 [42709:MainThread] mopidy.config
  Loading config from builtin defaults
INFO     2021-10-06 09:49:32,008 [42709:MainThread] mopidy.config
  Loading config from file:///home/alan/.config/mopidy/mopidy.conf
INFO     2021-10-06 09:49:32,009 [42709:MainThread] mopidy.config
  Loading config from command line options
ERROR    2021-10-06 09:49:32,014 [42709:MainThread] mopidy.internal.log
  Loading logging config '/home/alan/.config/mopidy/logging.conf' failed. 'formatters'
INFO     2021-10-06 09:49:32,180 [42709:MainThread] mopidy.__main__
  Enabled extensions: stream, http, m3u, file, ytmusic, softwaremixer, mpd
INFO     2021-10-06 09:49:32,180 [42709:MainThread] mopidy.__main__
  Disabled extensions: none
INFO     2021-10-06 09:49:32,272 [42709:MainThread] mopidy.commands
  Starting Mopidy mixer: SoftwareMixer
INFO     2021-10-06 09:49:32,272 [42709:MainThread] mopidy.commands
  Starting Mopidy audio
INFO     2021-10-06 09:49:32,274 [42709:MainThread] mopidy.commands
  Starting Mopidy backends: YTMusicBackend, FileBackend, M3UBackend, StreamBackend
INFO     2021-10-06 09:49:32,288 [42709:Audio-2] mopidy.audio.actor
  Audio output set to "tee name=t ! queue ! autoaudiosink t. ! queue ! audio/x-raw,rate=44100,channels=2,format=S16LE ! udpsink host=127.0.0.1 port=5555"
INFO     2021-10-06 09:49:32,294 [42709:MainThread] mopidy.commands
  Starting Mopidy core
INFO     2021-10-06 09:49:32,297 [42709:MainThread] mopidy.commands
  Starting Mopidy frontends: YTMusicScrobbleFE, HttpFrontend, MpdFrontend
INFO     2021-10-06 09:49:32,298 [42709:HttpFrontend-12] mopidy.http.actor
  HTTP server running at [::ffff:127.0.0.1]:6680
INFO     2021-10-06 09:49:32,299 [42709:MainThread] mopidy_mpd.actor
  MPD server running at [::ffff:127.0.0.1]:6600
INFO     2021-10-06 09:49:32,300 [42709:MainThread] mopidy.commands
  Starting GLib mainloop
INFO     2021-10-06 09:49:34,201 [42709:MpdSession-14] mopidy_mpd.session
  New MPD connection from [::ffff:127.0.0.1]:58430
INFO     2021-10-06 09:49:34,697 [42709:MpdSession-15] mopidy_mpd.session
  New MPD connection from [::ffff:127.0.0.1]:58432
INFO     2021-10-06 09:49:34,777 [42709:Thread-4] mopidy_ytmusic
  YTMusic loaded 15 auto playlists sections
INFO     2021-10-06 09:49:34,777 [42709:Thread-4] mopidy_ytmusic
  YTMusic Auto Playlists refreshed in 2.50s
INFO     2021-10-06 09:49:37,500 [42709:MpdSession-16] mopidy_mpd.session
  New MPD connection from [::ffff:127.0.0.1]:58434
ERROR    2021-10-06 09:49:39,465 [42709:YTMusicBackend-3] mopidy_ytmusic
  translate_uri error "'streamingData'"
WARNING  2021-10-06 09:49:39,465 [42709:Core-9] mopidy.core.tracklist
  Track is not playable: ytmusic:track:rY-FJvRqK0E
INFO     2021-10-06 09:49:39,824 [42709:YTMusicBackend-3] mopidy_ytmusic
  YTMusic Found AUDIO_QUALITY_MEDIUM stream with 135952 bitrate for aMj80CDnhTU
INFO     2021-10-06 09:49:50,688 [42709:YTMusicBackend-3] mopidy_ytmusic
  YTMusic Found AUDIO_QUALITY_MEDIUM stream with 150168 bitrate for ApXoWvfEYVU
INFO     2021-10-06 10:06:41,659 [42709:MpdSession-19] mopidy_mpd.session
  New MPD connection from [::ffff:127.0.0.1]:59128
INFO     2021-10-06 10:06:50,366 [42709:YTMusicBackend-3] mopidy_ytmusic
  YTMusic Found AUDIO_QUALITY_MEDIUM stream with 135952 bitrate for aMj80CDnhTU
INFO     2021-10-06 10:07:32,375 [42709:YTMusicBackend-3] mopidy_ytmusic
  YTMusic Found AUDIO_QUALITY_MEDIUM stream with 150714 bitrate for Qd4yQFMWdz4
INFO     2021-10-06 10:11:02,402 [42709:YTMusicBackend-3] mopidy_ytmusic
  YTMusic Found AUDIO_QUALITY_MEDIUM stream with 150863 bitrate for XQ5wFL2NVVA
INFO     2021-10-06 10:13:57,871 [42709:YTMusicBackend-3] mopidy_ytmusic
  YTMusic Found AUDIO_QUALITY_MEDIUM stream with 145316 bitrate for y07ETt8TR0g
INFO     2021-10-06 10:17:24,843 [42709:YTMusicBackend-3] mopidy_ytmusic
  YTMusic Found AUDIO_QUALITY_MEDIUM stream with 160437 bitrate for h9iYc1WL6V8
INFO     2021-10-06 10:20:31,623 [42709:YTMusicBackend-3] mopidy_ytmusic
  YTMusic Found AUDIO_QUALITY_MEDIUM stream with 146660 bitrate for QKdp5O8O2Qo
INFO     2021-10-06 10:23:17,482 [42709:YTMusicBackend-3] mopidy_ytmusic
  YTMusic Found AUDIO_QUALITY_MEDIUM stream with 159718 bitrate for eqMj9DTQcAQ
INFO     2021-10-06 10:27:24,435 [42709:YTMusicBackend-3] mopidy_ytmusic
  YTMusic Found AUDIO_QUALITY_MEDIUM stream with 155603 bitrate for PCXaynu8wM0
INFO     2021-10-06 10:30:12,721 [42709:YTMusicBackend-3] mopidy_ytmusic
  YTMusic Found AUDIO_QUALITY_MEDIUM stream with 153711 bitrate for FQ-cP36uqN4
INFO     2021-10-06 10:33:14,747 [42709:YTMusicBackend-3] mopidy_ytmusic
  YTMusic Found AUDIO_QUALITY_MEDIUM stream with 159545 bitrate for UXRBKJCwvdg
INFO     2021-10-06 10:37:11,104 [42709:YTMusicBackend-3] mopidy_ytmusic
  YTMusic Found AUDIO_QUALITY_MEDIUM stream with 154052 bitrate for ggLdJ7PkBXU
INFO     2021-10-06 10:39:42,781 [42709:YTMusicBackend-3] mopidy_ytmusic
  YTMusic Found AUDIO_QUALITY_MEDIUM stream with 159836 bitrate for CwxdzC2irIQ
INFO     2021-10-06 10:44:02,134 [42709:YTMusicBackend-3] mopidy_ytmusic
  YTMusic Found AUDIO_QUALITY_MEDIUM stream with 166653 bitrate for KDGE_HA4_0Y
INFO     2021-10-06 10:47:24,684 [42709:YTMusicBackend-3] mopidy_ytmusic
  YTMusic Found AUDIO_QUALITY_MEDIUM stream with 161077 bitrate for hgfkEDrpbLE
INFO     2021-10-06 10:49:26,912 [42709:YTMusicBackend-3] mopidy_ytmusic
  YTMusic Found AUDIO_QUALITY_MEDIUM stream with 155820 bitrate for Z0xq2neNh6k
INFO     2021-10-06 10:49:37,429 [42709:Thread-4] mopidy_ytmusic
  YTMusic loaded 15 auto playlists sections
INFO     2021-10-06 10:49:37,431 [42709:Thread-4] mopidy_ytmusic
  YTMusic Auto Playlists refreshed in 2.65s
INFO     2021-10-06 10:52:26,195 [42709:YTMusicBackend-3] mopidy_ytmusic
  YTMusic Found AUDIO_QUALITY_MEDIUM stream with 261600 bitrate for X4sqP0p0SzM
INFO     2021-10-06 10:53:36,575 [42709:YTMusicBackend-3] mopidy_ytmusic
  YTMusic Found AUDIO_QUALITY_MEDIUM stream with 147292 bitrate for mzHSgIRDJ2Q
INFO     2021-10-06 10:56:14,446 [42709:YTMusicBackend-3] mopidy_ytmusic
  YTMusic Found AUDIO_QUALITY_MEDIUM stream with 183808 bitrate for rJx05sV7ECU
INFO     2021-10-06 11:02:00,988 [42709:YTMusicBackend-3] mopidy_ytmusic
  YTMusic Found AUDIO_QUALITY_MEDIUM stream with 138816 bitrate for z3nxi7UYEiY
INFO     2021-10-06 11:04:20,456 [42709:YTMusicBackend-3] mopidy_ytmusic
  YTMusic Found AUDIO_QUALITY_MEDIUM stream with 150500 bitrate for PW5Rjn8kCPM
INFO     2021-10-06 11:06:07,015 [42709:YTMusicBackend-3] mopidy_ytmusic
  YTMusic Found AUDIO_QUALITY_MEDIUM stream with 183663 bitrate for FSnuF1FPSIU
INFO     2021-10-06 11:09:35,596 [42709:YTMusicBackend-3] mopidy_ytmusic
  YTMusic Found AUDIO_QUALITY_MEDIUM stream with 181808 bitrate for RBdSPU-sb1c
INFO     2021-10-06 11:10:23,130 [42709:YTMusicBackend-3] mopidy_ytmusic
  YTMusic Found AUDIO_QUALITY_MEDIUM stream with 142759 bitrate for kcofVSEdeDI
INFO     2021-10-06 11:13:10,596 [42709:YTMusicBackend-3] mopidy_ytmusic
  YTMusic Found AUDIO_QUALITY_MEDIUM stream with 169937 bitrate for Q0ZKiF_yNPE
INFO     2021-10-06 11:14:35,366 [42709:YTMusicBackend-3] mopidy_ytmusic
  YTMusic Found AUDIO_QUALITY_MEDIUM stream with 149981 bitrate for c5Wu3EKMvDI
INFO     2021-10-06 11:15:08,419 [42709:MpdSession-30] mopidy_mpd.session
  New MPD connection from [::ffff:127.0.0.1]:59942
INFO     2021-10-06 11:15:39,541 [42709:YTMusicBackend-3] mopidy_ytmusic
  YTMusic Found AUDIO_QUALITY_MEDIUM stream with 152663 bitrate for 05d_WlKBgCM
INFO     2021-10-06 11:18:28,474 [42709:YTMusicBackend-3] mopidy_ytmusic
  YTMusic Found AUDIO_QUALITY_MEDIUM stream with 138227 bitrate for y6hf8jik6fc
INFO     2021-10-06 11:21:04,958 [42709:YTMusicBackend-3] mopidy_ytmusic
  YTMusic Found AUDIO_QUALITY_MEDIUM stream with 165666 bitrate for wsw4fdB0arE
INFO     2021-10-06 11:22:52,883 [42709:YTMusicBackend-3] mopidy_ytmusic
  YTMusic Found AUDIO_QUALITY_MEDIUM stream with 154520 bitrate for B0mpJKabAIg
INFO     2021-10-06 11:25:33,397 [42709:YTMusicBackend-3] mopidy_ytmusic
  YTMusic Found AUDIO_QUALITY_MEDIUM stream with 156877 bitrate for CVk7bFzocqs
INFO     2021-10-06 11:28:49,756 [42709:YTMusicBackend-3] mopidy_ytmusic
  YTMusic Found AUDIO_QUALITY_MEDIUM stream with 143331 bitrate for rWkuEaAY1gQ
INFO     2021-10-06 11:31:36,807 [42709:YTMusicBackend-3] mopidy_ytmusic
  YTMusic Found AUDIO_QUALITY_MEDIUM stream with 150368 bitrate for 8463BZqzjQY
INFO     2021-10-06 11:34:51,676 [42709:YTMusicBackend-3] mopidy_ytmusic
  YTMusic Found AUDIO_QUALITY_MEDIUM stream with 156136 bitrate for ZXKDHQRbWBo
INFO     2021-10-06 11:40:35,015 [42709:YTMusicBackend-3] mopidy_ytmusic
  YTMusic Found AUDIO_QUALITY_MEDIUM stream with 149046 bitrate for 3vVSBLkpO-8
INFO     2021-10-06 11:44:10,585 [42709:YTMusicBackend-3] mopidy_ytmusic
  YTMusic Found AUDIO_QUALITY_MEDIUM stream with 149708 bitrate for uSk2Gzda7aI
INFO     2021-10-06 11:46:33,596 [42709:YTMusicBackend-3] mopidy_ytmusic
  YTMusic Found AUDIO_QUALITY_MEDIUM stream with 140177 bitrate for EA8RxRkNveM
ERROR    2021-10-06 11:46:33,630 [42709:YTMusicBackend-3] mopidy_ytmusic
  YTMusic found forbidden URL. Updating player URL now.
WARNING  2021-10-06 11:46:33,630 [42709:Core-9] mopidy.core.tracklist
  Track is not playable: ytmusic:track:EA8RxRkNveM
INFO     2021-10-06 11:46:33,994 [42709:YTMusicBackend-3] mopidy_ytmusic
  YTMusic Found AUDIO_QUALITY_MEDIUM stream with 169612 bitrate for zaWC1nvkdSU
INFO     2021-10-06 11:48:10,732 [42709:YTMusicBackend-3] mopidy_ytmusic
  YTMusic Found AUDIO_QUALITY_MEDIUM stream with 157851 bitrate for q1NpZGrZL4Q
INFO     2021-10-06 11:49:39,538 [42709:Thread-4] mopidy_ytmusic
  YTMusic loaded 15 auto playlists sections
INFO     2021-10-06 11:49:39,538 [42709:Thread-4] mopidy_ytmusic
  YTMusic Auto Playlists refreshed in 2.11s
INFO     2021-10-06 11:51:20,207 [42709:YTMusicBackend-3] mopidy_ytmusic
  YTMusic Found AUDIO_QUALITY_MEDIUM stream with 156713 bitrate for v3p4-lzvRAA
INFO     2021-10-06 11:54:30,576 [42709:YTMusicBackend-3] mopidy_ytmusic
  YTMusic Found AUDIO_QUALITY_MEDIUM stream with 161235 bitrate for oaHsLIQeB80
INFO     2021-10-06 11:56:20,194 [42709:YTMusicBackend-3] mopidy_ytmusic
  YTMusic Found AUDIO_QUALITY_MEDIUM stream with 140812 bitrate for 19QkG2TTI-s
INFO     2021-10-06 11:58:42,868 [42709:YTMusicBackend-3] mopidy_ytmusic
  YTMusic Found AUDIO_QUALITY_MEDIUM stream with 165824 bitrate for ecMjdpk9oEI
INFO     2021-10-06 12:01:30,774 [42709:YTMusicBackend-3] mopidy_ytmusic
  YTMusic Found AUDIO_QUALITY_MEDIUM stream with 159600 bitrate for Q--Wk-5sXDA
INFO     2021-10-06 12:04:31,184 [42709:YTMusicBackend-3] mopidy_ytmusic
  YTMusic Found AUDIO_QUALITY_MEDIUM stream with 163328 bitrate for e2f_XZzYSEo
INFO     2021-10-06 12:07:36,292 [42709:YTMusicBackend-3] mopidy_ytmusic
  YTMusic Found AUDIO_QUALITY_MEDIUM stream with 158129 bitrate for Sx3kDZyvnOM
INFO     2021-10-06 12:49:42,033 [42709:Thread-4] mopidy_ytmusic
  YTMusic loaded 15 auto playlists sections
INFO     2021-10-06 12:49:42,057 [42709:Thread-4] mopidy_ytmusic
  YTMusic Auto Playlists refreshed in 2.52s
INFO     2021-10-06 12:54:33,481 [42709:YTMusicBackend-3] mopidy_ytmusic
  YTMusic Found AUDIO_QUALITY_MEDIUM stream with 146660 bitrate for QKdp5O8O2Qo
INFO     2021-10-06 12:57:18,001 [42709:YTMusicBackend-3] mopidy_ytmusic
  YTMusic Found AUDIO_QUALITY_MEDIUM stream with 156525 bitrate for 8ygaQdprej0
INFO     2021-10-06 13:00:14,323 [42709:YTMusicBackend-3] mopidy_ytmusic
  YTMusic Found AUDIO_QUALITY_MEDIUM stream with 154055 bitrate for uRVusUSNd2E
INFO     2021-10-06 13:04:18,296 [42709:YTMusicBackend-3] mopidy_ytmusic
  YTMusic Found AUDIO_QUALITY_MEDIUM stream with 145606 bitrate for QxA3ULAxyyA
INFO     2021-10-06 13:07:03,848 [42709:YTMusicBackend-3] mopidy_ytmusic
  YTMusic Found AUDIO_QUALITY_MEDIUM stream with 161605 bitrate for jM9qJU6lUL0
INFO     2021-10-06 13:09:32,674 [42709:YTMusicBackend-3] mopidy_ytmusic
  YTMusic Found AUDIO_QUALITY_MEDIUM stream with 147240 bitrate for jrkgUcRnXRM
INFO     2021-10-06 13:13:15,157 [42709:YTMusicBackend-3] mopidy_ytmusic
  YTMusic Found AUDIO_QUALITY_MEDIUM stream with 148231 bitrate for UG5e2DqMtdQ
INFO     2021-10-06 13:16:57,660 [42709:YTMusicBackend-3] mopidy_ytmusic
  YTMusic Found AUDIO_QUALITY_MEDIUM stream with 143578 bitrate for TpqGgg-ywyA
INFO     2021-10-06 13:19:59,492 [42709:YTMusicBackend-3] mopidy_ytmusic
  YTMusic Found AUDIO_QUALITY_MEDIUM stream with 154296 bitrate for Y7RMppGSS_Q
INFO     2021-10-06 13:23:00,039 [42709:YTMusicBackend-3] mopidy_ytmusic
  YTMusic Found AUDIO_QUALITY_MEDIUM stream with 168615 bitrate for IWtg_6bqfeA
INFO     2021-10-06 13:27:06,912 [42709:YTMusicBackend-3] mopidy_ytmusic
  YTMusic Found AUDIO_QUALITY_MEDIUM stream with 168516 bitrate for vVcQNC-FGOo
INFO     2021-10-06 13:30:06,621 [42709:YTMusicBackend-3] mopidy_ytmusic
  YTMusic Found AUDIO_QUALITY_MEDIUM stream with 153483 bitrate for Qlfwj0n-N2A
INFO     2021-10-06 13:32:59,900 [42709:YTMusicBackend-3] mopidy_ytmusic
  YTMusic Found AUDIO_QUALITY_MEDIUM stream with 146324 bitrate for wAUMhHAng5g
INFO     2021-10-06 13:36:23,694 [42709:YTMusicBackend-3] mopidy_ytmusic
  YTMusic Found AUDIO_QUALITY_MEDIUM stream with 173801 bitrate for v_Xf-DAOQng
INFO     2021-10-06 13:39:45,521 [42709:YTMusicBackend-3] mopidy_ytmusic
  YTMusic Found AUDIO_QUALITY_MEDIUM stream with 164680 bitrate for DH8UOybPqjI
INFO     2021-10-06 13:40:34,146 [42709:YTMusicBackend-3] mopidy_ytmusic
  YTMusic Found AUDIO_QUALITY_MEDIUM stream with 161597 bitrate for JpZca8I2QEQ
ERROR    2021-10-06 13:40:34,168 [42709:YTMusicBackend-3] mopidy_ytmusic
  YTMusic found forbidden URL. Updating player URL now.
WARNING  2021-10-06 13:40:34,169 [42709:Core-9] mopidy.core.tracklist
  Track is not playable: ytmusic:track:JpZca8I2QEQ
INFO     2021-10-06 13:40:34,508 [42709:YTMusicBackend-3] mopidy_ytmusic
  YTMusic Found AUDIO_QUALITY_MEDIUM stream with 144799 bitrate for GgaV3_kCtCA
INFO     2021-10-06 13:44:41,042 [42709:YTMusicBackend-3] mopidy_ytmusic
  YTMusic Found AUDIO_QUALITY_MEDIUM stream with 152131 bitrate for BuTy8x1n0lE
INFO     2021-10-06 13:47:31,724 [42709:YTMusicBackend-3] mopidy_ytmusic
  YTMusic Found AUDIO_QUALITY_MEDIUM stream with 144843 bitrate for DmhdcDQt7Dk
INFO     2021-10-06 13:49:44,294 [42709:Thread-4] mopidy_ytmusic
  YTMusic loaded 15 auto playlists sections
INFO     2021-10-06 13:49:44,295 [42709:Thread-4] mopidy_ytmusic
  YTMusic Auto Playlists refreshed in 2.24s
INFO     2021-10-06 13:51:50,153 [42709:YTMusicBackend-3] mopidy_ytmusic
  YTMusic Found AUDIO_QUALITY_MEDIUM stream with 157928 bitrate for EC7aAeAws9U
INFO     2021-10-06 13:55:06,661 [42709:YTMusicBackend-3] mopidy_ytmusic
  YTMusic Found AUDIO_QUALITY_MEDIUM stream with 135014 bitrate for qwd00-jrtNc
INFO     2021-10-06 13:58:02,833 [42709:YTMusicBackend-3] mopidy_ytmusic
  YTMusic Found AUDIO_QUALITY_MEDIUM stream with 111060 bitrate for -v5BMl9bPMs
INFO     2021-10-06 13:59:47,590 [42709:YTMusicBackend-3] mopidy_ytmusic
  YTMusic Found AUDIO_QUALITY_MEDIUM stream with 153396 bitrate for BQpg5W697NM
INFO     2021-10-06 14:02:39,473 [42709:YTMusicBackend-3] mopidy_ytmusic
  YTMusic Found AUDIO_QUALITY_MEDIUM stream with 147591 bitrate for aPeAuD2Mpv0
INFO     2021-10-06 14:04:06,008 [42709:YTMusicBackend-3] mopidy_ytmusic
  YTMusic Found AUDIO_QUALITY_MEDIUM stream with 144598 bitrate for jj59faOxxjE
INFO     2021-10-06 14:06:51,009 [42709:YTMusicBackend-3] mopidy_ytmusic
  YTMusic Found AUDIO_QUALITY_MEDIUM stream with 154244 bitrate for _0esc9Pab5k
INFO     2021-10-06 14:08:16,281 [42709:YTMusicBackend-3] mopidy_ytmusic
  YTMusic Found AUDIO_QUALITY_MEDIUM stream with 142949 bitrate for v1qNu8cklVE
INFO     2021-10-06 14:09:24,483 [42709:YTMusicBackend-3] mopidy_ytmusic
  YTMusic Found AUDIO_QUALITY_MEDIUM stream with 164458 bitrate for tEh_rxDCldE
INFO     2021-10-06 14:11:41,239 [42709:YTMusicBackend-3] mopidy_ytmusic
  YTMusic Found AUDIO_QUALITY_MEDIUM stream with 132243 bitrate for NiOIiGf4hig
INFO     2021-10-06 14:14:36,242 [42709:YTMusicBackend-3] mopidy_ytmusic
  YTMusic Found AUDIO_QUALITY_MEDIUM stream with 137728 bitrate for 3g0qL8gTHVM
INFO     2021-10-06 14:25:48,907 [42709:YTMusicBackend-3] mopidy_ytmusic
  YTMusic Found AUDIO_QUALITY_MEDIUM stream with 147339 bitrate for IvFwz6amBaM
INFO     2021-10-06 14:27:55,642 [42709:YTMusicBackend-3] mopidy_ytmusic
  YTMusic Found AUDIO_QUALITY_MEDIUM stream with 156408 bitrate for 6rNG3ixpfEo
INFO     2021-10-06 14:31:58,840 [42709:YTMusicBackend-3] mopidy_ytmusic
  YTMusic Found AUDIO_QUALITY_MEDIUM stream with 138227 bitrate for y6hf8jik6fc
INFO     2021-10-06 14:34:35,447 [42709:YTMusicBackend-3] mopidy_ytmusic
  YTMusic Found AUDIO_QUALITY_MEDIUM stream with 160437 bitrate for h9iYc1WL6V8
INFO     2021-10-06 14:37:42,183 [42709:YTMusicBackend-3] mopidy_ytmusic
  YTMusic Found AUDIO_QUALITY_MEDIUM stream with 161116 bitrate for 5048XZnzGM0
INFO     2021-10-06 14:44:37,954 [42709:YTMusicBackend-3] mopidy_ytmusic
  YTMusic Found AUDIO_QUALITY_MEDIUM stream with 142484 bitrate for 8UDknCNL8aI
INFO     2021-10-06 14:49:08,085 [42709:YTMusicBackend-3] mopidy_ytmusic
  YTMusic Found AUDIO_QUALITY_MEDIUM stream with 146170 bitrate for 64Fg9Oy-3Yw
INFO     2021-10-06 14:49:46,493 [42709:Thread-4] mopidy_ytmusic
  YTMusic loaded 15 auto playlists sections
INFO     2021-10-06 14:49:46,496 [42709:Thread-4] mopidy_ytmusic
  YTMusic Auto Playlists refreshed in 2.20s
INFO     2021-10-06 14:52:29,303 [42709:YTMusicBackend-3] mopidy_ytmusic
  YTMusic Found AUDIO_QUALITY_MEDIUM stream with 146746 bitrate for Uy0Sf8P4hOQ
INFO     2021-10-06 14:56:11,698 [42709:YTMusicBackend-3] mopidy_ytmusic
  YTMusic Found AUDIO_QUALITY_MEDIUM stream with 146644 bitrate for BPgEgaPk62M
INFO     2021-10-06 15:00:21,164 [42709:YTMusicBackend-3] mopidy_ytmusic
  YTMusic Found AUDIO_QUALITY_MEDIUM stream with 145316 bitrate for y07ETt8TR0g
INFO     2021-10-06 15:03:48,174 [42709:YTMusicBackend-3] mopidy_ytmusic
  YTMusic Found AUDIO_QUALITY_MEDIUM stream with 142204 bitrate for kffacxfA7G4
INFO     2021-10-06 15:07:27,130 [42709:YTMusicBackend-3] mopidy_ytmusic
  YTMusic Found AUDIO_QUALITY_MEDIUM stream with 164408 bitrate for nS2glOKg0Do
INFO     2021-10-06 15:11:47,060 [42709:YTMusicBackend-3] mopidy_ytmusic
  YTMusic Found AUDIO_QUALITY_MEDIUM stream with 151523 bitrate for 8Sg59tc7t6o
INFO     2021-10-06 15:49:48,700 [42709:Thread-4] mopidy_ytmusic
  YTMusic loaded 16 auto playlists sections
INFO     2021-10-06 15:49:48,701 [42709:Thread-4] mopidy_ytmusic
  YTMusic Auto Playlists refreshed in 2.20s
INFO     2021-10-06 19:51:23,041 [42709:Thread-4] mopidy_ytmusic
  YTMusic loaded 15 auto playlists sections
INFO     2021-10-06 19:51:23,399 [42709:Thread-4] mopidy_ytmusic
  YTMusic Auto Playlists refreshed in 15.30s
INFO     2021-10-06 19:59:10,495 [42709:MpdSession-33] mopidy_mpd.session
  New MPD connection from [::ffff:127.0.0.1]:35036
INFO     2021-10-06 20:00:34,590 [42709:MainThread] mopidy.commands
  GLib mainloop got SIGTERM. Exiting...
INFO     2021-10-06 20:00:34,786 [42709:MainThread] mopidy.commands
  Stopping Mopidy frontends
INFO     2021-10-06 20:00:36,648 [42709:MainThread] mopidy.commands
  Stopping Mopidy core
INFO     2021-10-06 20:00:36,649 [42709:MainThread] mopidy.commands
  Stopping Mopidy backends
INFO     2021-10-06 20:00:37,502 [42709:MainThread] mopidy.commands
  Stopping Mopidy audio
INFO     2021-10-06 20:00:38,315 [42709:MainThread] mopidy.commands
  Stopping Mopidy mixer
