This file contains any messages produced by compilers while
running configure, to aid debugging if configure makes a mistake.

It was created by configure, which was
generated by GNU Autoconf 2.71.  Invocation command line was

  $ ./configure --prefix=/usr --without-xmms 'CFLAGS=-march=x86-64 -mtune=generic -O2 -pipe -fno-plt -fexceptions         -Wp,-D_FORTIFY_SOURCE=2 -Wformat -Werror=format-security         -fstack-clash-protection -fcf-protection' LDFLAGS=-Wl,-O1,--sort-common,--as-needed,-z,relro,-z,now 'CXXFLAGS=-march=x86-64 -mtune=generic -O2 -pipe -fno-plt -fexceptions         -Wp,-D_FORTIFY_SOURCE=2 -Wformat -Werror=format-security         -fstack-clash-protection -fcf-protection -Wp,-D_GLIBCXX_ASSERTIONS' --no-create --no-recursion

## --------- ##
## Platform. ##
## --------- ##

hostname = Alan-Arch
uname -m = x86_64
uname -r = 6.5.5-arch1-1
uname -s = Linux
uname -v = #1 SMP PREEMPT_DYNAMIC Sat, 23 Sep 2023 22:55:13 +0000

/usr/bin/uname -p = unknown
/bin/uname -X     = unknown

/bin/arch              = unknown
/usr/bin/arch -k       = unknown
/usr/convex/getsysinfo = unknown
/usr/bin/hostinfo      = unknown
/bin/machine           = unknown
/usr/bin/oslevel       = unknown
/bin/universe          = unknown

PATH: /home/alan/.local/share/zinit/polaris/bin/
PATH: /usr/local/bin/
PATH: /usr/bin/
PATH: /bin/
PATH: /usr/local/sbin/
PATH: /usr/lib/jvm/default/bin/
PATH: /usr/bin/site_perl/
PATH: /usr/bin/vendor_perl/
PATH: /usr/bin/core_perl/
PATH: /usr/lib/rustup/bin/
PATH: /home/alan/.local/share/gem/ruby/3.0.0/bin/
PATH: /home/alan/.scripts/tools/
PATH: /home/alan/.local/share/chezmoi/archdots/
PATH: /opt/urserver/


## ----------- ##
## Core tests. ##
## ----------- ##

configure:2675: looking for aux files: compile missing install-sh config.guess config.sub
configure:2688:  trying ./
configure:2717:   ./compile found
configure:2717:   ./missing found
configure:2699:   ./install-sh found
configure:2717:   ./config.guess found
configure:2717:   ./config.sub found
configure:2836: checking build system type
configure:2851: result: x86_64-pc-linux-gnu
configure:2871: checking host system type
configure:2885: result: x86_64-pc-linux-gnu
configure:2905: checking target system type
configure:2919: result: x86_64-pc-linux-gnu
configure:2966: checking for a BSD-compatible install
configure:3039: result: /usr/bin/install -c
configure:3050: checking whether build environment is sane
configure:3105: result: yes
configure:3140: WARNING: 'missing' script is too old or missing
configure:3264: checking for a race-free mkdir -p
configure:3308: result: /usr/bin/mkdir -p
configure:3315: checking for gawk
configure:3336: found /usr/bin/gawk
configure:3347: result: gawk
configure:3358: checking whether make sets $(MAKE)
configure:3381: result: yes
configure:3411: checking whether make supports nested variables
configure:3429: result: yes
configure:3599: checking whether make supports the include directive
configure:3614: make -f confmf.GNU && cat confinc.out
make[1]: Entering directory '/home/alan/.local/share/chezmoi/archdots/public/evrouter/src/evrouter-0.4'
make[1]: Leaving directory '/home/alan/.local/share/chezmoi/archdots/public/evrouter/src/evrouter-0.4'
this is the am__doit target
configure:3617: $? = 0
configure:3636: result: yes (GNU style)
configure:3712: checking for gcc
configure:3733: found /usr/bin/gcc
configure:3744: result: gcc
configure:4097: checking for C compiler version
configure:4106: gcc --version >&5
gcc (GCC) 13.2.1 20230801
Copyright (C) 2023 Free Software Foundation, Inc.
This is free software; see the source for copying conditions.  There is NO
warranty; not even for MERCHANTABILITY or FITNESS FOR A PARTICULAR PURPOSE.

configure:4117: $? = 0
configure:4106: gcc -v >&5
Using built-in specs.
COLLECT_GCC=gcc
COLLECT_LTO_WRAPPER=/usr/lib/gcc/x86_64-pc-linux-gnu/13.2.1/lto-wrapper
Target: x86_64-pc-linux-gnu
Configured with: /build/gcc/src/gcc/configure --enable-languages=ada,c,c++,d,fortran,go,lto,objc,obj-c++ --enable-bootstrap --prefix=/usr --libdir=/usr/lib --libexecdir=/usr/lib --mandir=/usr/share/man --infodir=/usr/share/info --with-bugurl=https://bugs.archlinux.org/ --with-build-config=bootstrap-lto --with-linker-hash-style=gnu --with-system-zlib --enable-__cxa_atexit --enable-cet=auto --enable-checking=release --enable-clocale=gnu --enable-default-pie --enable-default-ssp --enable-gnu-indirect-function --enable-gnu-unique-object --enable-libstdcxx-backtrace --enable-link-serialization=1 --enable-linker-build-id --enable-lto --enable-multilib --enable-plugin --enable-shared --enable-threads=posix --disable-libssp --disable-libstdcxx-pch --disable-werror
Thread model: posix
Supported LTO compression algorithms: zlib zstd
gcc version 13.2.1 20230801 (GCC) 
configure:4117: $? = 0
configure:4106: gcc -V >&5
gcc: error: unrecognized command-line option '-V'
gcc: fatal error: no input files
compilation terminated.
configure:4117: $? = 1
configure:4106: gcc -qversion >&5
gcc: error: unrecognized command-line option '-qversion'; did you mean '--version'?
gcc: fatal error: no input files
compilation terminated.
configure:4117: $? = 1
configure:4106: gcc -version >&5
gcc: error: unrecognized command-line option '-version'
gcc: fatal error: no input files
compilation terminated.
configure:4117: $? = 1
configure:4137: checking whether the C compiler works
configure:4159: gcc -march=x86-64 -mtune=generic -O2 -pipe -fno-plt -fexceptions         -Wp,-D_FORTIFY_SOURCE=2 -Wformat -Werror=format-security         -fstack-clash-protection -fcf-protection  -Wl,-O1,--sort-common,--as-needed,-z,relro,-z,now conftest.c  >&5
configure:4163: $? = 0
configure:4213: result: yes
configure:4216: checking for C compiler default output file name
configure:4218: result: a.out
configure:4224: checking for suffix of executables
configure:4231: gcc -o conftest -march=x86-64 -mtune=generic -O2 -pipe -fno-plt -fexceptions         -Wp,-D_FORTIFY_SOURCE=2 -Wformat -Werror=format-security         -fstack-clash-protection -fcf-protection  -Wl,-O1,--sort-common,--as-needed,-z,relro,-z,now conftest.c  >&5
configure:4235: $? = 0
configure:4258: result: 
configure:4280: checking whether we are cross compiling
configure:4288: gcc -o conftest -march=x86-64 -mtune=generic -O2 -pipe -fno-plt -fexceptions         -Wp,-D_FORTIFY_SOURCE=2 -Wformat -Werror=format-security         -fstack-clash-protection -fcf-protection  -Wl,-O1,--sort-common,--as-needed,-z,relro,-z,now conftest.c  >&5
configure:4292: $? = 0
configure:4299: ./conftest
configure:4303: $? = 0
configure:4318: result: no
configure:4323: checking for suffix of object files
configure:4346: gcc -c -march=x86-64 -mtune=generic -O2 -pipe -fno-plt -fexceptions         -Wp,-D_FORTIFY_SOURCE=2 -Wformat -Werror=format-security         -fstack-clash-protection -fcf-protection  conftest.c >&5
configure:4350: $? = 0
configure:4372: result: o
configure:4376: checking whether the compiler supports GNU C
configure:4396: gcc -c -march=x86-64 -mtune=generic -O2 -pipe -fno-plt -fexceptions         -Wp,-D_FORTIFY_SOURCE=2 -Wformat -Werror=format-security         -fstack-clash-protection -fcf-protection  conftest.c >&5
configure:4396: $? = 0
configure:4406: result: yes
configure:4417: checking whether gcc accepts -g
configure:4438: gcc -c -g  conftest.c >&5
configure:4438: $? = 0
configure:4482: result: yes
configure:4502: checking for gcc option to enable C11 features
configure:4517: gcc  -c -march=x86-64 -mtune=generic -O2 -pipe -fno-plt -fexceptions         -Wp,-D_FORTIFY_SOURCE=2 -Wformat -Werror=format-security         -fstack-clash-protection -fcf-protection  conftest.c >&5
configure:4517: $? = 0
configure:4535: result: none needed
configure:4651: checking whether gcc understands -c and -o together
configure:4674: gcc -c conftest.c -o conftest2.o
configure:4677: $? = 0
configure:4674: gcc -c conftest.c -o conftest2.o
configure:4677: $? = 0
configure:4689: result: yes
configure:4708: checking dependency style of gcc
configure:4820: result: gcc3
configure:4836: checking for an ANSI C-conforming const
configure:4903: gcc -c -march=x86-64 -mtune=generic -O2 -pipe -fno-plt -fexceptions         -Wp,-D_FORTIFY_SOURCE=2 -Wformat -Werror=format-security         -fstack-clash-protection -fcf-protection  conftest.c >&5
configure:4903: $? = 0
configure:4911: result: yes
configure:4974: checking for gcc
configure:5006: result: gcc
configure:5359: checking for C compiler version
configure:5368: gcc --version >&5
gcc (GCC) 13.2.1 20230801
Copyright (C) 2023 Free Software Foundation, Inc.
This is free software; see the source for copying conditions.  There is NO
warranty; not even for MERCHANTABILITY or FITNESS FOR A PARTICULAR PURPOSE.

configure:5379: $? = 0
configure:5368: gcc -v >&5
Using built-in specs.
COLLECT_GCC=gcc
COLLECT_LTO_WRAPPER=/usr/lib/gcc/x86_64-pc-linux-gnu/13.2.1/lto-wrapper
Target: x86_64-pc-linux-gnu
Configured with: /build/gcc/src/gcc/configure --enable-languages=ada,c,c++,d,fortran,go,lto,objc,obj-c++ --enable-bootstrap --prefix=/usr --libdir=/usr/lib --libexecdir=/usr/lib --mandir=/usr/share/man --infodir=/usr/share/info --with-bugurl=https://bugs.archlinux.org/ --with-build-config=bootstrap-lto --with-linker-hash-style=gnu --with-system-zlib --enable-__cxa_atexit --enable-cet=auto --enable-checking=release --enable-clocale=gnu --enable-default-pie --enable-default-ssp --enable-gnu-indirect-function --enable-gnu-unique-object --enable-libstdcxx-backtrace --enable-link-serialization=1 --enable-linker-build-id --enable-lto --enable-multilib --enable-plugin --enable-shared --enable-threads=posix --disable-libssp --disable-libstdcxx-pch --disable-werror
Thread model: posix
Supported LTO compression algorithms: zlib zstd
gcc version 13.2.1 20230801 (GCC) 
configure:5379: $? = 0
configure:5368: gcc -V >&5
gcc: error: unrecognized command-line option '-V'
gcc: fatal error: no input files
compilation terminated.
configure:5379: $? = 1
configure:5368: gcc -qversion >&5
gcc: error: unrecognized command-line option '-qversion'; did you mean '--version'?
gcc: fatal error: no input files
compilation terminated.
configure:5379: $? = 1
configure:5368: gcc -version >&5
gcc: error: unrecognized command-line option '-version'
gcc: fatal error: no input files
compilation terminated.
configure:5379: $? = 1
configure:5383: checking whether the compiler supports GNU C
configure:5413: result: yes
configure:5424: checking whether gcc accepts -g
configure:5489: result: yes
configure:5509: checking for gcc option to enable C11 features
configure:5542: result: none needed
configure:5658: checking whether gcc understands -c and -o together
configure:5696: result: yes
configure:5715: checking dependency style of gcc
configure:5827: result: gcc3
configure:5847: checking how to run the C preprocessor
configure:5873: gcc -E  conftest.c
configure:5873: $? = 0
configure:5888: gcc -E  conftest.c
conftest.c:11:10: fatal error: ac_nonexistent.h: No such file or directory
   11 | #include <ac_nonexistent.h>
      |          ^~~~~~~~~~~~~~~~~~
compilation terminated.
configure:5888: $? = 1
configure: failed program was:
| /* confdefs.h */
| #define PACKAGE_NAME ""
| #define PACKAGE_TARNAME ""
| #define PACKAGE_VERSION ""
| #define PACKAGE_STRING ""
| #define PACKAGE_BUGREPORT ""
| #define PACKAGE_URL ""
| #define PACKAGE ""
| #define VERSION "44570PACKAGE_VERSION"
| /* end confdefs.h.  */
| #include <ac_nonexistent.h>
configure:5915: result: gcc -E
configure:5929: gcc -E  conftest.c
configure:5929: $? = 0
configure:5944: gcc -E  conftest.c
conftest.c:11:10: fatal error: ac_nonexistent.h: No such file or directory
   11 | #include <ac_nonexistent.h>
      |          ^~~~~~~~~~~~~~~~~~
compilation terminated.
configure:5944: $? = 1
configure: failed program was:
| /* confdefs.h */
| #define PACKAGE_NAME ""
| #define PACKAGE_TARNAME ""
| #define PACKAGE_VERSION ""
| #define PACKAGE_STRING ""
| #define PACKAGE_BUGREPORT ""
| #define PACKAGE_URL ""
| #define PACKAGE ""
| #define VERSION "44570PACKAGE_VERSION"
| /* end confdefs.h.  */
| #include <ac_nonexistent.h>
configure:5975: checking for grep that handles long lines and -e
configure:6039: result: /usr/bin/grep
configure:6044: checking for egrep
configure:6112: result: /usr/bin/grep -E
configure:6118: checking whether gcc needs -traditional
configure:6155: result: no
configure:6166: checking for gawk
configure:6198: result: gawk
configure:6214: checking how to run the C preprocessor
configure:6282: result: gcc -E
configure:6296: gcc -E  conftest.c
configure:6296: $? = 0
configure:6311: gcc -E  conftest.c
conftest.c:11:10: fatal error: ac_nonexistent.h: No such file or directory
   11 | #include <ac_nonexistent.h>
      |          ^~~~~~~~~~~~~~~~~~
compilation terminated.
configure:6311: $? = 1
configure: failed program was:
| /* confdefs.h */
| #define PACKAGE_NAME ""
| #define PACKAGE_TARNAME ""
| #define PACKAGE_VERSION ""
| #define PACKAGE_STRING ""
| #define PACKAGE_BUGREPORT ""
| #define PACKAGE_URL ""
| #define PACKAGE ""
| #define VERSION "44570PACKAGE_VERSION"
| /* end confdefs.h.  */
| #include <ac_nonexistent.h>
configure:6410: checking for g++
configure:6431: found /usr/bin/g++
configure:6442: result: g++
configure:6469: checking for C++ compiler version
configure:6478: g++ --version >&5
g++ (GCC) 13.2.1 20230801
Copyright (C) 2023 Free Software Foundation, Inc.
This is free software; see the source for copying conditions.  There is NO
warranty; not even for MERCHANTABILITY or FITNESS FOR A PARTICULAR PURPOSE.

configure:6489: $? = 0
configure:6478: g++ -v >&5
Using built-in specs.
COLLECT_GCC=g++
COLLECT_LTO_WRAPPER=/usr/lib/gcc/x86_64-pc-linux-gnu/13.2.1/lto-wrapper
Target: x86_64-pc-linux-gnu
Configured with: /build/gcc/src/gcc/configure --enable-languages=ada,c,c++,d,fortran,go,lto,objc,obj-c++ --enable-bootstrap --prefix=/usr --libdir=/usr/lib --libexecdir=/usr/lib --mandir=/usr/share/man --infodir=/usr/share/info --with-bugurl=https://bugs.archlinux.org/ --with-build-config=bootstrap-lto --with-linker-hash-style=gnu --with-system-zlib --enable-__cxa_atexit --enable-cet=auto --enable-checking=release --enable-clocale=gnu --enable-default-pie --enable-default-ssp --enable-gnu-indirect-function --enable-gnu-unique-object --enable-libstdcxx-backtrace --enable-link-serialization=1 --enable-linker-build-id --enable-lto --enable-multilib --enable-plugin --enable-shared --enable-threads=posix --disable-libssp --disable-libstdcxx-pch --disable-werror
Thread model: posix
Supported LTO compression algorithms: zlib zstd
gcc version 13.2.1 20230801 (GCC) 
configure:6489: $? = 0
configure:6478: g++ -V >&5
g++: error: unrecognized command-line option '-V'
g++: fatal error: no input files
compilation terminated.
configure:6489: $? = 1
configure:6478: g++ -qversion >&5
g++: error: unrecognized command-line option '-qversion'; did you mean '--version'?
g++: fatal error: no input files
compilation terminated.
configure:6489: $? = 1
configure:6493: checking whether the compiler supports GNU C++
configure:6513: g++ -c -march=x86-64 -mtune=generic -O2 -pipe -fno-plt -fexceptions         -Wp,-D_FORTIFY_SOURCE=2 -Wformat -Werror=format-security         -fstack-clash-protection -fcf-protection -Wp,-D_GLIBCXX_ASSERTIONS  conftest.cpp >&5
configure:6513: $? = 0
configure:6523: result: yes
configure:6534: checking whether g++ accepts -g
configure:6555: g++ -c -g  conftest.cpp >&5
configure:6555: $? = 0
configure:6599: result: yes
configure:6619: checking for g++ option to enable C++11 features
configure:6634: g++  -c -march=x86-64 -mtune=generic -O2 -pipe -fno-plt -fexceptions         -Wp,-D_FORTIFY_SOURCE=2 -Wformat -Werror=format-security         -fstack-clash-protection -fcf-protection -Wp,-D_GLIBCXX_ASSERTIONS  conftest.cpp >&5
conftest.cpp: In function 'int main(int, char**)':
conftest.cpp:177:25: warning: empty parentheses were disambiguated as a function declaration [-Wvexing-parse]
  177 |   cxx11test::delegate d2();
      |                         ^~
conftest.cpp:177:25: note: remove parentheses to default-initialize a variable
  177 |   cxx11test::delegate d2();
      |                         ^~
      |                         --
conftest.cpp:177:25: note: or replace parentheses with braces to value-initialize a variable
configure:6634: $? = 0
configure:6652: result: none needed
configure:6718: checking dependency style of g++
configure:6830: result: gcc3
configure:6845: checking whether ln -s works
configure:6849: result: yes
configure:6856: checking whether make sets $(MAKE)
configure:6879: result: yes
configure:6890: checking for X
configure:6928: gcc -o conftest -march=x86-64 -mtune=generic -O2 -pipe -fno-plt -fexceptions         -Wp,-D_FORTIFY_SOURCE=2 -Wformat -Werror=format-security         -fstack-clash-protection -fcf-protection  -Wl,-O1,--sort-common,--as-needed,-z,relro,-z,now conftest.c -lX11  >&5
configure:6928: $? = 0
configure:7115: result: libraries , headers 
configure:7213: gcc -o conftest -march=x86-64 -mtune=generic -O2 -pipe -fno-plt -fexceptions         -Wp,-D_FORTIFY_SOURCE=2 -Wformat -Werror=format-security         -fstack-clash-protection -fcf-protection  -Wl,-O1,--sort-common,--as-needed,-z,relro,-z,now conftest.c   -lX11 >&5
configure:7213: $? = 0
configure:7312: checking for gethostbyname
configure:7312: gcc -o conftest -march=x86-64 -mtune=generic -O2 -pipe -fno-plt -fexceptions         -Wp,-D_FORTIFY_SOURCE=2 -Wformat -Werror=format-security         -fstack-clash-protection -fcf-protection  -Wl,-O1,--sort-common,--as-needed,-z,relro,-z,now conftest.c  >&5
configure:7312: $? = 0
configure:7312: result: yes
configure:7410: checking for connect
configure:7410: gcc -o conftest -march=x86-64 -mtune=generic -O2 -pipe -fno-plt -fexceptions         -Wp,-D_FORTIFY_SOURCE=2 -Wformat -Werror=format-security         -fstack-clash-protection -fcf-protection  -Wl,-O1,--sort-common,--as-needed,-z,relro,-z,now conftest.c  >&5
configure:7410: $? = 0
configure:7410: result: yes
configure:7460: checking for remove
configure:7460: gcc -o conftest -march=x86-64 -mtune=generic -O2 -pipe -fno-plt -fexceptions         -Wp,-D_FORTIFY_SOURCE=2 -Wformat -Werror=format-security         -fstack-clash-protection -fcf-protection  -Wl,-O1,--sort-common,--as-needed,-z,relro,-z,now conftest.c  >&5
configure:7460: $? = 0
configure:7460: result: yes
configure:7510: checking for shmat
configure:7510: gcc -o conftest -march=x86-64 -mtune=generic -O2 -pipe -fno-plt -fexceptions         -Wp,-D_FORTIFY_SOURCE=2 -Wformat -Werror=format-security         -fstack-clash-protection -fcf-protection  -Wl,-O1,--sort-common,--as-needed,-z,relro,-z,now conftest.c  >&5
configure:7510: $? = 0
configure:7510: result: yes
configure:7569: checking for IceConnectionNumber in -lICE
configure:7592: gcc -o conftest -march=x86-64 -mtune=generic -O2 -pipe -fno-plt -fexceptions         -Wp,-D_FORTIFY_SOURCE=2 -Wformat -Werror=format-security         -fstack-clash-protection -fcf-protection  -Wl,-O1,--sort-common,--as-needed,-z,relro,-z,now conftest.c -lICE   >&5
configure:7592: $? = 0
configure:7602: result: yes
configure:7617: checking for XInitExtension in -lX11
configure:7640: gcc -o conftest -march=x86-64 -mtune=generic -O2 -pipe -fno-plt -fexceptions         -Wp,-D_FORTIFY_SOURCE=2 -Wformat -Werror=format-security         -fstack-clash-protection -fcf-protection   -Wl,-O1,--sort-common,--as-needed,-z,relro,-z,now  conftest.c -lX11   >&5
configure:7640: $? = 0
configure:7650: result: yes
configure:7663: checking for XTestFakeKeyEvent in -lXtst
configure:7686: gcc -o conftest -march=x86-64 -mtune=generic -O2 -pipe -fno-plt -fexceptions         -Wp,-D_FORTIFY_SOURCE=2 -Wformat -Werror=format-security         -fstack-clash-protection -fcf-protection   -Wl,-O1,--sort-common,--as-needed,-z,relro,-z,now  conftest.c -lXtst  -lX11  >&5
configure:7686: $? = 0
configure:7696: result: yes
configure:7710: checking for dlopen in -ldl
configure:7733: gcc -o conftest -march=x86-64 -mtune=generic -O2 -pipe -fno-plt -fexceptions         -Wp,-D_FORTIFY_SOURCE=2 -Wformat -Werror=format-security         -fstack-clash-protection -fcf-protection   -Wl,-O1,--sort-common,--as-needed,-z,relro,-z,now  conftest.c -ldl  -lXtst -lX11  >&5
configure:7733: $? = 0
configure:7743: result: yes
configure:7761: checking for stdio.h
configure:7761: gcc -c -march=x86-64 -mtune=generic -O2 -pipe -fno-plt -fexceptions         -Wp,-D_FORTIFY_SOURCE=2 -Wformat -Werror=format-security         -fstack-clash-protection -fcf-protection   conftest.c >&5
configure:7761: $? = 0
configure:7761: result: yes
configure:7761: checking for stdlib.h
configure:7761: gcc -c -march=x86-64 -mtune=generic -O2 -pipe -fno-plt -fexceptions         -Wp,-D_FORTIFY_SOURCE=2 -Wformat -Werror=format-security         -fstack-clash-protection -fcf-protection   conftest.c >&5
configure:7761: $? = 0
configure:7761: result: yes
configure:7761: checking for string.h
configure:7761: gcc -c -march=x86-64 -mtune=generic -O2 -pipe -fno-plt -fexceptions         -Wp,-D_FORTIFY_SOURCE=2 -Wformat -Werror=format-security         -fstack-clash-protection -fcf-protection   conftest.c >&5
configure:7761: $? = 0
configure:7761: result: yes
configure:7761: checking for inttypes.h
configure:7761: gcc -c -march=x86-64 -mtune=generic -O2 -pipe -fno-plt -fexceptions         -Wp,-D_FORTIFY_SOURCE=2 -Wformat -Werror=format-security         -fstack-clash-protection -fcf-protection   conftest.c >&5
configure:7761: $? = 0
configure:7761: result: yes
configure:7761: checking for stdint.h
configure:7761: gcc -c -march=x86-64 -mtune=generic -O2 -pipe -fno-plt -fexceptions         -Wp,-D_FORTIFY_SOURCE=2 -Wformat -Werror=format-security         -fstack-clash-protection -fcf-protection   conftest.c >&5
configure:7761: $? = 0
configure:7761: result: yes
configure:7761: checking for strings.h
configure:7761: gcc -c -march=x86-64 -mtune=generic -O2 -pipe -fno-plt -fexceptions         -Wp,-D_FORTIFY_SOURCE=2 -Wformat -Werror=format-security         -fstack-clash-protection -fcf-protection   conftest.c >&5
configure:7761: $? = 0
configure:7761: result: yes
configure:7761: checking for sys/stat.h
configure:7761: gcc -c -march=x86-64 -mtune=generic -O2 -pipe -fno-plt -fexceptions         -Wp,-D_FORTIFY_SOURCE=2 -Wformat -Werror=format-security         -fstack-clash-protection -fcf-protection   conftest.c >&5
configure:7761: $? = 0
configure:7761: result: yes
configure:7761: checking for sys/types.h
configure:7761: gcc -c -march=x86-64 -mtune=generic -O2 -pipe -fno-plt -fexceptions         -Wp,-D_FORTIFY_SOURCE=2 -Wformat -Werror=format-security         -fstack-clash-protection -fcf-protection   conftest.c >&5
configure:7761: $? = 0
configure:7761: result: yes
configure:7761: checking for unistd.h
configure:7761: gcc -c -march=x86-64 -mtune=generic -O2 -pipe -fno-plt -fexceptions         -Wp,-D_FORTIFY_SOURCE=2 -Wformat -Werror=format-security         -fstack-clash-protection -fcf-protection   conftest.c >&5
configure:7761: $? = 0
configure:7761: result: yes
configure:7761: checking for sys/select.h
configure:7761: gcc -c -march=x86-64 -mtune=generic -O2 -pipe -fno-plt -fexceptions         -Wp,-D_FORTIFY_SOURCE=2 -Wformat -Werror=format-security         -fstack-clash-protection -fcf-protection   conftest.c >&5
configure:7761: $? = 0
configure:7761: result: yes
configure:7761: checking for sys/socket.h
configure:7761: gcc -c -march=x86-64 -mtune=generic -O2 -pipe -fno-plt -fexceptions         -Wp,-D_FORTIFY_SOURCE=2 -Wformat -Werror=format-security         -fstack-clash-protection -fcf-protection   conftest.c >&5
configure:7761: $? = 0
configure:7761: result: yes
configure:7789: checking for egrep
configure:7857: result: /usr/bin/grep -E
configure:7863: checking for fcntl.h
configure:7863: gcc -c -march=x86-64 -mtune=generic -O2 -pipe -fno-plt -fexceptions         -Wp,-D_FORTIFY_SOURCE=2 -Wformat -Werror=format-security         -fstack-clash-protection -fcf-protection   conftest.c >&5
configure:7863: $? = 0
configure:7863: result: yes
configure:7869: checking for stdlib.h
configure:7869: result: yes
configure:7875: checking for string.h
configure:7875: result: yes
configure:7881: checking for sys/time.h
configure:7881: gcc -c -march=x86-64 -mtune=generic -O2 -pipe -fno-plt -fexceptions         -Wp,-D_FORTIFY_SOURCE=2 -Wformat -Werror=format-security         -fstack-clash-protection -fcf-protection   conftest.c >&5
configure:7881: $? = 0
configure:7881: result: yes
configure:7887: checking for sys/ioctl.h
configure:7887: gcc -c -march=x86-64 -mtune=generic -O2 -pipe -fno-plt -fexceptions         -Wp,-D_FORTIFY_SOURCE=2 -Wformat -Werror=format-security         -fstack-clash-protection -fcf-protection   conftest.c >&5
configure:7887: $? = 0
configure:7887: result: yes
configure:7893: checking for unistd.h
configure:7893: result: yes
configure:7900: checking for argp.h
configure:7900: gcc -c -march=x86-64 -mtune=generic -O2 -pipe -fno-plt -fexceptions         -Wp,-D_FORTIFY_SOURCE=2 -Wformat -Werror=format-security         -fstack-clash-protection -fcf-protection   conftest.c >&5
configure:7900: $? = 0
configure:7900: result: yes
configure:7910: checking for GNU libc compatible malloc
configure:7942: gcc -o conftest -march=x86-64 -mtune=generic -O2 -pipe -fno-plt -fexceptions         -Wp,-D_FORTIFY_SOURCE=2 -Wformat -Werror=format-security         -fstack-clash-protection -fcf-protection   -Wl,-O1,--sort-common,--as-needed,-z,relro,-z,now  conftest.c -lXtst -lX11  >&5
configure:7942: $? = 0
configure:7942: ./conftest
configure:7942: $? = 0
configure:7953: result: yes
configure:7975: checking for GNU libc compatible realloc
configure:8007: gcc -o conftest -march=x86-64 -mtune=generic -O2 -pipe -fno-plt -fexceptions         -Wp,-D_FORTIFY_SOURCE=2 -Wformat -Werror=format-security         -fstack-clash-protection -fcf-protection   -Wl,-O1,--sort-common,--as-needed,-z,relro,-z,now  conftest.c -lXtst -lX11  >&5
configure:8007: $? = 0
configure:8007: ./conftest
configure:8007: $? = 0
configure:8018: result: yes
configure:8043: checking types of arguments for select
configure:8073: gcc -c -march=x86-64 -mtune=generic -O2 -pipe -fno-plt -fexceptions         -Wp,-D_FORTIFY_SOURCE=2 -Wformat -Werror=format-security         -fstack-clash-protection -fcf-protection   conftest.c >&5
configure:8073: $? = 0
configure:8083: result: int,fd_set *,struct timeval *
configure:8105: checking for strdup
configure:8105: gcc -o conftest -march=x86-64 -mtune=generic -O2 -pipe -fno-plt -fexceptions         -Wp,-D_FORTIFY_SOURCE=2 -Wformat -Werror=format-security         -fstack-clash-protection -fcf-protection   -Wl,-O1,--sort-common,--as-needed,-z,relro,-z,now  conftest.c -lXtst -lX11  >&5
conftest.c:53:6: warning: conflicting types for built-in function 'strdup'; expected 'char *(const char *)' [-Wbuiltin-declaration-mismatch]
   53 | char strdup ();
      |      ^~~~~~
configure:8105: $? = 0
configure:8105: result: yes
configure:8105: checking for strspn
configure:8105: gcc -o conftest -march=x86-64 -mtune=generic -O2 -pipe -fno-plt -fexceptions         -Wp,-D_FORTIFY_SOURCE=2 -Wformat -Werror=format-security         -fstack-clash-protection -fcf-protection   -Wl,-O1,--sort-common,--as-needed,-z,relro,-z,now  conftest.c -lXtst -lX11  >&5
conftest.c:54:6: warning: conflicting types for built-in function 'strspn'; expected 'long unsigned int(const char *, const char *)' [-Wbuiltin-declaration-mismatch]
   54 | char strspn ();
      |      ^~~~~~
conftest.c:46:1: note: 'strspn' is declared in header '<string.h>'
   45 | #include <limits.h>
   46 | #undef strspn
configure:8105: $? = 0
configure:8105: result: yes
configure:8105: checking for memset
configure:8105: gcc -o conftest -march=x86-64 -mtune=generic -O2 -pipe -fno-plt -fexceptions         -Wp,-D_FORTIFY_SOURCE=2 -Wformat -Werror=format-security         -fstack-clash-protection -fcf-protection   -Wl,-O1,--sort-common,--as-needed,-z,relro,-z,now  conftest.c -lXtst -lX11  >&5
conftest.c:55:6: warning: conflicting types for built-in function 'memset'; expected 'void *(void *, int,  long unsigned int)' [-Wbuiltin-declaration-mismatch]
   55 | char memset ();
      |      ^~~~~~
conftest.c:47:1: note: 'memset' is declared in header '<string.h>'
   46 | #include <limits.h>
   47 | #undef memset
configure:8105: $? = 0
configure:8105: result: yes
configure:8105: checking for select
configure:8105: gcc -o conftest -march=x86-64 -mtune=generic -O2 -pipe -fno-plt -fexceptions         -Wp,-D_FORTIFY_SOURCE=2 -Wformat -Werror=format-security         -fstack-clash-protection -fcf-protection   -Wl,-O1,--sort-common,--as-needed,-z,relro,-z,now  conftest.c -lXtst -lX11  >&5
configure:8105: $? = 0
configure:8105: result: yes
configure:8105: checking for strerror
configure:8105: gcc -o conftest -march=x86-64 -mtune=generic -O2 -pipe -fno-plt -fexceptions         -Wp,-D_FORTIFY_SOURCE=2 -Wformat -Werror=format-security         -fstack-clash-protection -fcf-protection   -Wl,-O1,--sort-common,--as-needed,-z,relro,-z,now  conftest.c -lXtst -lX11  >&5
configure:8105: $? = 0
configure:8105: result: yes
configure:8124: checking for regcomp
configure:8124: gcc -o conftest -march=x86-64 -mtune=generic -O2 -pipe -fno-plt -fexceptions         -Wp,-D_FORTIFY_SOURCE=2 -Wformat -Werror=format-security         -fstack-clash-protection -fcf-protection   -Wl,-O1,--sort-common,--as-needed,-z,relro,-z,now  conftest.c -lXtst -lX11  >&5
configure:8124: $? = 0
configure:8124: result: yes
configure:8124: checking for regexec
configure:8124: gcc -o conftest -march=x86-64 -mtune=generic -O2 -pipe -fno-plt -fexceptions         -Wp,-D_FORTIFY_SOURCE=2 -Wformat -Werror=format-security         -fstack-clash-protection -fcf-protection   -Wl,-O1,--sort-common,--as-needed,-z,relro,-z,now  conftest.c -lXtst -lX11  >&5
configure:8124: $? = 0
configure:8124: result: yes
configure:8148: checking whether to enable shell actions
configure:8150: result: yes
configure:8244: checking whether to enable XMMS actions
configure:8246: result: no
configure:8355: checking that generated files are newer than configure
configure:8361: result: done
configure:8392: creating ./config.status

## ---------------- ##
## Cache variables. ##
## ---------------- ##

ac_cv_build=x86_64-pc-linux-gnu
ac_cv_c_compiler_gnu=yes
ac_cv_c_const=yes
ac_cv_cxx_compiler_gnu=yes
ac_cv_env_CCC_set=
ac_cv_env_CCC_value=
ac_cv_env_CC_set=
ac_cv_env_CC_value=
ac_cv_env_CFLAGS_set=set
ac_cv_env_CFLAGS_value='-march=x86-64 -mtune=generic -O2 -pipe -fno-plt -fexceptions         -Wp,-D_FORTIFY_SOURCE=2 -Wformat -Werror=format-security         -fstack-clash-protection -fcf-protection'
ac_cv_env_CPPFLAGS_set=
ac_cv_env_CPPFLAGS_value=
ac_cv_env_CPP_set=
ac_cv_env_CPP_value=
ac_cv_env_CXXFLAGS_set=set
ac_cv_env_CXXFLAGS_value='-march=x86-64 -mtune=generic -O2 -pipe -fno-plt -fexceptions         -Wp,-D_FORTIFY_SOURCE=2 -Wformat -Werror=format-security         -fstack-clash-protection -fcf-protection -Wp,-D_GLIBCXX_ASSERTIONS'
ac_cv_env_CXX_set=
ac_cv_env_CXX_value=
ac_cv_env_LDFLAGS_set=set
ac_cv_env_LDFLAGS_value=-Wl,-O1,--sort-common,--as-needed,-z,relro,-z,now
ac_cv_env_LIBS_set=
ac_cv_env_LIBS_value=
ac_cv_env_XMKMF_set=
ac_cv_env_XMKMF_value=
ac_cv_env_build_alias_set=
ac_cv_env_build_alias_value=
ac_cv_env_host_alias_set=
ac_cv_env_host_alias_value=
ac_cv_env_target_alias_set=
ac_cv_env_target_alias_value=
ac_cv_func_connect=yes
ac_cv_func_gethostbyname=yes
ac_cv_func_malloc_0_nonnull=yes
ac_cv_func_memset=yes
ac_cv_func_realloc_0_nonnull=yes
ac_cv_func_regcomp=yes
ac_cv_func_regexec=yes
ac_cv_func_remove=yes
ac_cv_func_select=yes
ac_cv_func_select_args='int,fd_set *,struct timeval *'
ac_cv_func_shmat=yes
ac_cv_func_strdup=yes
ac_cv_func_strerror=yes
ac_cv_func_strspn=yes
ac_cv_have_x='have_x=yes	ac_x_includes='\'''\''	ac_x_libraries='\'''\'''
ac_cv_header_argp_h=yes
ac_cv_header_fcntl_h=yes
ac_cv_header_inttypes_h=yes
ac_cv_header_stdint_h=yes
ac_cv_header_stdio_h=yes
ac_cv_header_stdlib_h=yes
ac_cv_header_string_h=yes
ac_cv_header_strings_h=yes
ac_cv_header_sys_ioctl_h=yes
ac_cv_header_sys_select_h=yes
ac_cv_header_sys_socket_h=yes
ac_cv_header_sys_stat_h=yes
ac_cv_header_sys_time_h=yes
ac_cv_header_sys_types_h=yes
ac_cv_header_unistd_h=yes
ac_cv_host=x86_64-pc-linux-gnu
ac_cv_lib_ICE_IceConnectionNumber=yes
ac_cv_lib_X11_XInitExtension=yes
ac_cv_lib_Xtst_XTestFakeKeyEvent=yes
ac_cv_lib_dl_dlopen=yes
ac_cv_objext=o
ac_cv_path_EGREP='/usr/bin/grep -E'
ac_cv_path_GREP=/usr/bin/grep
ac_cv_path_install='/usr/bin/install -c'
ac_cv_path_mkdir=/usr/bin/mkdir
ac_cv_prog_AWK=gawk
ac_cv_prog_CPP='gcc -E'
ac_cv_prog_ac_ct_CC=gcc
ac_cv_prog_ac_ct_CXX=g++
ac_cv_prog_cc_c11=
ac_cv_prog_cc_g=yes
ac_cv_prog_cc_stdc=
ac_cv_prog_cxx_11=no
ac_cv_prog_cxx_cxx11=
ac_cv_prog_cxx_g=yes
ac_cv_prog_cxx_stdcxx=
ac_cv_prog_gcc_traditional=no
ac_cv_prog_make_make_set=yes
ac_cv_target=x86_64-pc-linux-gnu
am_cv_CC_dependencies_compiler_type=gcc3
am_cv_CXX_dependencies_compiler_type=gcc3
am_cv_make_support_nested_variables=yes
am_cv_prog_cc_c_o=yes

## ----------------- ##
## Output variables. ##
## ----------------- ##

ACLOCAL='aclocal-1.16'
AMDEPBACKSLASH='\'
AMDEP_FALSE='#'
AMDEP_TRUE=''
AMTAR='$${TAR-tar}'
AM_BACKSLASH='\'
AM_DEFAULT_V='$(AM_DEFAULT_VERBOSITY)'
AM_DEFAULT_VERBOSITY='1'
AM_V='$(V)'
AUTOCONF='autoconf'
AUTOHEADER='autoheader'
AUTOMAKE='automake-1.16'
AWK='gawk'
CC='gcc'
CCDEPMODE='depmode=gcc3'
CFLAGS='-march=x86-64 -mtune=generic -O2 -pipe -fno-plt -fexceptions         -Wp,-D_FORTIFY_SOURCE=2 -Wformat -Werror=format-security         -fstack-clash-protection -fcf-protection '
CPP='gcc -E'
CPPFLAGS=''
CSCOPE='cscope'
CTAGS='ctags'
CXX='g++'
CXXDEPMODE='depmode=gcc3'
CXXFLAGS='-march=x86-64 -mtune=generic -O2 -pipe -fno-plt -fexceptions         -Wp,-D_FORTIFY_SOURCE=2 -Wformat -Werror=format-security         -fstack-clash-protection -fcf-protection -Wp,-D_GLIBCXX_ASSERTIONS'
CYGPATH_W='echo'
DEFS='-DHAVE_CONFIG_H'
DEPDIR='.deps'
ECHO_C=''
ECHO_N='-n'
ECHO_T=''
EGREP='/usr/bin/grep -E'
ETAGS='etags'
EXEEXT=''
GREP='/usr/bin/grep'
INSTALL_DATA='${INSTALL} -m 644'
INSTALL_PROGRAM='${INSTALL}'
INSTALL_SCRIPT='${INSTALL}'
INSTALL_STRIP_PROGRAM='$(install_sh) -c -s'
ISODATE='2023-09-29'
LDFLAGS='-Wl,-O1,--sort-common,--as-needed,-z,relro,-z,now '
LIBOBJS=''
LIBS='-lXtst -lX11 '
LN_S='ln -s'
LTLIBOBJS=''
MAKEINFO='makeinfo'
MKDIR_P='/usr/bin/mkdir -p'
OBJEXT='o'
PACKAGE='evrouter'
PACKAGE_BUGREPORT=''
PACKAGE_NAME=''
PACKAGE_STRING=''
PACKAGE_TARNAME=''
PACKAGE_URL=''
PACKAGE_VERSION='0.4'
PATH_SEPARATOR=':'
SET_MAKE=''
SHELL='/bin/sh'
STRIP=''
VERSION='44570PACKAGE_VERSION'
XMKMF=''
XMMS_CFLAGS=''
XMMS_CONFIG=''
XMMS_LDFLAGS=''
XMMS_LIBPATH=''
X_CFLAGS=''
X_EXTRA_LIBS=''
X_LIBS=''
X_PRE_LIBS=' -lSM -lICE'
ac_ct_CC='gcc'
ac_ct_CXX='g++'
am__EXEEXT_FALSE=''
am__EXEEXT_TRUE='#'
am__fastdepCC_FALSE='#'
am__fastdepCC_TRUE=''
am__fastdepCXX_FALSE='#'
am__fastdepCXX_TRUE=''
am__include='include'
am__isrc=''
am__leading_dot='.'
am__nodep='_no'
am__quote=''
am__tar='$${TAR-tar} chof - "$$tardir"'
am__untar='$${TAR-tar} xf -'
bindir='${exec_prefix}/bin'
build='x86_64-pc-linux-gnu'
build_alias=''
build_cpu='x86_64'
build_os='linux-gnu'
build_vendor='pc'
datadir='${datarootdir}'
datarootdir='${prefix}/share'
docdir='${datarootdir}/doc/${PACKAGE}'
dvidir='${docdir}'
exec_prefix='${prefix}'
host='x86_64-pc-linux-gnu'
host_alias=''
host_cpu='x86_64'
host_os='linux-gnu'
host_vendor='pc'
htmldir='${docdir}'
includedir='${prefix}/include'
infodir='${datarootdir}/info'
install_sh='${SHELL} /home/alan/.local/share/chezmoi/archdots/public/evrouter/src/evrouter-0.4/install-sh'
libdir='${exec_prefix}/lib'
libexecdir='${exec_prefix}/libexec'
localedir='${datarootdir}/locale'
localstatedir='${prefix}/var'
mandir='${datarootdir}/man'
mkdir_p='$(MKDIR_P)'
oldincludedir='/usr/include'
pdfdir='${docdir}'
prefix='/usr'
program_transform_name='s,x,x,'
psdir='${docdir}'
runstatedir='${localstatedir}/run'
sbindir='${exec_prefix}/sbin'
sharedstatedir='${prefix}/com'
sysconfdir='${prefix}/etc'
target='x86_64-pc-linux-gnu'
target_alias=''
target_cpu='x86_64'
target_os='linux-gnu'
target_vendor='pc'

## ----------- ##
## confdefs.h. ##
## ----------- ##

/* confdefs.h */
#define PACKAGE_NAME ""
#define PACKAGE_TARNAME ""
#define PACKAGE_VERSION ""
#define PACKAGE_STRING ""
#define PACKAGE_BUGREPORT ""
#define PACKAGE_URL ""
#define PACKAGE ""
#define VERSION "44570PACKAGE_VERSION"
#define HAVE_LIBX11 1
#define HAVE_LIBXTST 1
#define HAVE_LIBDL 1
#define HAVE_STDIO_H 1
#define HAVE_STDLIB_H 1
#define HAVE_STRING_H 1
#define HAVE_INTTYPES_H 1
#define HAVE_STDINT_H 1
#define HAVE_STRINGS_H 1
#define HAVE_SYS_STAT_H 1
#define HAVE_SYS_TYPES_H 1
#define HAVE_UNISTD_H 1
#define HAVE_SYS_SELECT_H 1
#define HAVE_SYS_SOCKET_H 1
#define STDC_HEADERS 1
#define HAVE_FCNTL_H 1
#define HAVE_STDLIB_H 1
#define HAVE_STRING_H 1
#define HAVE_SYS_TIME_H 1
#define HAVE_SYS_IOCTL_H 1
#define HAVE_UNISTD_H 1
#define HAVE_MALLOC 1
#define HAVE_REALLOC 1
#define SELECT_TYPE_ARG1 int
#define SELECT_TYPE_ARG234 (fd_set *)
#define SELECT_TYPE_ARG5 (struct timeval *)
#define HAVE_STRDUP 1
#define HAVE_STRSPN 1
#define HAVE_MEMSET 1
#define HAVE_SELECT 1
#define HAVE_STRERROR 1
#define HAVE_REGCOMP 1
#define HAVE_REGEXEC 1
#define ENABLE_SHELL 1

configure: exit 0

## ---------------------- ##
## Running config.status. ##
## ---------------------- ##

This file was extended by config.status, which was
generated by GNU Autoconf 2.71.  Invocation command line was

  CONFIG_FILES    = 
  CONFIG_HEADERS  = 
  CONFIG_LINKS    = 
  CONFIG_COMMANDS = 
  $ ./config.status 

on Alan-Arch

config.status:905: creating Makefile
config.status:905: creating src/Makefile
config.status:905: creating config.h
config.status:1134: executing depfiles commands
config.status:1211: cd src       && sed -e '/# am--include-marker/d' Makefile         | make -f - am--depfiles
make[1]: Entering directory '/home/alan/.local/share/chezmoi/archdots/public/evrouter/src/evrouter-0.4/src'
make[1]: Nothing to be done for 'am--depfiles'.
make[1]: Leaving directory '/home/alan/.local/share/chezmoi/archdots/public/evrouter/src/evrouter-0.4/src'
config.status:1216: $? = 0

## ---------------------- ##
## Running config.status. ##
## ---------------------- ##

This file was extended by config.status, which was
generated by GNU Autoconf 2.71.  Invocation command line was

  CONFIG_FILES    = 
  CONFIG_HEADERS  = 
  CONFIG_LINKS    = 
  CONFIG_COMMANDS = 
  $ ./config.status config.h

on Alan-Arch

config.status:905: creating config.h
