# Log file created/rotated Wednesday, 11 Oct 23 09:17:30 GMT
2023-10-11 09:17:30 (I) BluetoothInterface: loaded bluetooth
2023-10-11 09:17:30 (I) Engine: initialized (production release 2505)
2023-10-11 09:17:30 (I) Engine: app: /opt/urserver/urserver
2023-10-11 09:17:30 (I) Engine: manager: /opt/urserver/manager
2023-10-11 09:17:30 (I) Engine: config: /home/alan/.urserver/urserver.config
2023-10-11 09:17:30 (I) Engine: logs: /home/alan/.urserver/urserver.log
2023-10-11 09:17:30 (I) Engine: remotes: /home/alan/.urserver/remotes
2023-10-11 09:17:30 (I) Engine: custom: /opt/urserver/custom
2023-10-11 09:17:30 (I) App: application starting
2023-10-11 09:17:30 (I) Loader: loading remote: /home/alan/.urserver/remotes/MPV/meta.prop
2023-10-11 09:17:30 (I) Loader: loading remote: /home/alan/.urserver/remotes/bundled/Porthole/meta.prop
2023-10-11 09:17:30 (I) Loader: skipping remote for platform: osx
2023-10-11 09:17:30 (I) Loader: loading remote: /home/alan/.urserver/remotes/bundled/Beamer/Beamer/meta.prop
2023-10-11 09:17:30 (I) Loader: skipping remote for platform: osx
2023-10-11 09:17:30 (I) Loader: loading remote: /home/alan/.urserver/remotes/bundled/Beamer/Beamer File Picker/meta.prop
2023-10-11 09:17:30 (I) Loader: skipping remote for platform: osx
2023-10-11 09:17:30 (I) Loader: loading remote: /home/alan/.urserver/remotes/bundled/Unified/Examples/Run/meta.prop
2023-10-11 09:17:30 (I) Loader: loading remote: /home/alan/.urserver/remotes/bundled/Unified/Examples/IR/meta.prop
2023-10-11 09:17:30 (I) Loader: loading remote: /home/alan/.urserver/remotes/bundled/Unified/Examples/Scripts/meta.prop
2023-10-11 09:17:30 (I) Loader: loading remote: /home/alan/.urserver/remotes/bundled/Unified/Examples/Keys/meta.prop
2023-10-11 09:17:30 (I) Loader: loading remote: /home/alan/.urserver/remotes/bundled/Unified/Examples/IR Offline/meta.prop
2023-10-11 09:17:30 (I) Loader: loading remote: /home/alan/.urserver/remotes/bundled/Unified/Examples/HTTP/meta.prop
2023-10-11 09:17:30 (I) Loader: loading remote: /home/alan/.urserver/remotes/bundled/Unified/Examples/USB-UIRT/meta.prop
2023-10-11 09:17:30 (I) Loader: skipping remote for platform: windows
2023-10-11 09:17:30 (I) Loader: loading remote: /home/alan/.urserver/remotes/bundled/Unified/Gaming/Minecraft/meta.prop
2023-10-11 09:17:30 (I) Loader: skipping remote for platform: windows
2023-10-11 09:17:30 (I) Loader: loading remote: /home/alan/.urserver/remotes/bundled/Unified/Main/TwitchTV/meta.prop
2023-10-11 09:17:30 (I) Loader: loading remote: /home/alan/.urserver/remotes/bundled/Unified/Main/Google Music/meta.prop
2023-10-11 09:17:30 (I) Loader: loading remote: /home/alan/.urserver/remotes/bundled/Unified/Main/Zoom/meta.prop
2023-10-11 09:17:30 (I) Loader: loading remote: /home/alan/.urserver/remotes/bundled/Unified/Main/XBMC Web/meta.prop
2023-10-11 09:17:30 (I) Loader: loading remote: /home/alan/.urserver/remotes/bundled/Unified/Main/VLC/meta.prop
2023-10-11 09:17:30 (I) Loader: loading remote: /home/alan/.urserver/remotes/bundled/Unified/Main/SlideShow/meta.prop
2023-10-11 09:17:30 (I) Loader: loading remote: /home/alan/.urserver/remotes/bundled/Unified/Main/Kodi Web/meta.prop
2023-10-11 09:17:30 (I) Loader: loading remote: /home/alan/.urserver/remotes/bundled/Unified/Main/Performance/meta.prop
2023-10-11 09:17:30 (I) Loader: loading remote: /home/alan/.urserver/remotes/bundled/Unified/Main/Spotify Advanced/meta.prop
2023-10-11 09:17:30 (I) Loader: loading remote: /home/alan/.urserver/remotes/bundled/Unified/Main/Keyboards/Dvorak/meta.prop
2023-10-11 09:17:30 (I) Loader: loading remote: /home/alan/.urserver/remotes/bundled/Unified/Main/Keyboards/German/meta.prop
2023-10-11 09:17:30 (I) Loader: loading remote: /home/alan/.urserver/remotes/bundled/Unified/Main/Keyboards/Navigation/meta.prop
2023-10-11 09:17:30 (I) Loader: loading remote: /home/alan/.urserver/remotes/bundled/Unified/Main/Keyboards/Swedish/meta.prop
2023-10-11 09:17:30 (I) Loader: loading remote: /home/alan/.urserver/remotes/bundled/Unified/Main/Keyboards/Arabic/meta.prop
2023-10-11 09:17:30 (I) Loader: loading remote: /home/alan/.urserver/remotes/bundled/Unified/Main/Keyboards/Russian/meta.prop
2023-10-11 09:17:30 (I) Loader: loading remote: /home/alan/.urserver/remotes/bundled/Unified/Main/Keyboards/Function/meta.prop
2023-10-11 09:17:30 (I) Loader: loading remote: /home/alan/.urserver/remotes/bundled/Unified/Main/Keyboards/English/meta.prop
2023-10-11 09:17:30 (I) Loader: loading remote: /home/alan/.urserver/remotes/bundled/Unified/Main/QuickTime Player/meta.prop
2023-10-11 09:17:30 (I) Loader: skipping remote for platform: osx
2023-10-11 09:17:30 (I) Loader: loading remote: /home/alan/.urserver/remotes/bundled/Unified/Main/Pyxel Edit-H/meta.prop
2023-10-11 09:17:30 (I) Loader: loading remote: /home/alan/.urserver/remotes/bundled/Unified/Main/Firefox/meta.prop
2023-10-11 09:17:30 (I) Loader: loading remote: /home/alan/.urserver/remotes/bundled/Unified/Main/Start/meta.prop
2023-10-11 09:17:30 (I) Loader: skipping remote for platform: win
2023-10-11 09:17:30 (I) Loader: loading remote: /home/alan/.urserver/remotes/bundled/Unified/Main/KMPlayer/meta.prop
2023-10-11 09:17:30 (I) Loader: skipping remote for platform: windows
2023-10-11 09:17:30 (I) Loader: loading remote: /home/alan/.urserver/remotes/bundled/Unified/Main/Task Manager/meta.prop
2023-10-11 09:17:30 (I) Loader: skipping remote for platform: windows macosx
2023-10-11 09:17:30 (I) Loader: loading remote: /home/alan/.urserver/remotes/bundled/Unified/Main/Napster/meta.prop
2023-10-11 09:17:30 (I) Loader: loading remote: /home/alan/.urserver/remotes/bundled/Unified/Main/KMPlayer Legacy/meta.prop
2023-10-11 09:17:30 (I) Loader: skipping remote for platform: windows
2023-10-11 09:17:30 (I) Loader: loading remote: /home/alan/.urserver/remotes/bundled/Unified/Main/foobar2000/meta.prop
2023-10-11 09:17:30 (I) Loader: skipping remote for platform: windows
2023-10-11 09:17:30 (I) Loader: loading remote: /home/alan/.urserver/remotes/bundled/Unified/Main/Launcher (Linux)/meta.prop
2023-10-11 09:17:30 (I) Loader: loading remote: /home/alan/.urserver/remotes/bundled/Unified/Main/Send Text/meta.prop
2023-10-11 09:17:30 (I) Loader: loading remote: /home/alan/.urserver/remotes/bundled/Unified/Main/TellStick Live/meta.prop
2023-10-11 09:17:30 (I) Loader: skipping remote for platform: windows
2023-10-11 09:17:30 (I) Loader: loading remote: /home/alan/.urserver/remotes/bundled/Unified/Main/IE/meta.prop
2023-10-11 09:17:30 (I) Loader: skipping remote for platform: windows
2023-10-11 09:17:30 (I) Loader: loading remote: /home/alan/.urserver/remotes/bundled/Unified/Main/BSPlayer/meta.prop
2023-10-11 09:17:30 (I) Loader: skipping remote for platform: windows
2023-10-11 09:17:30 (I) Loader: loading remote: /home/alan/.urserver/remotes/bundled/Unified/Main/Opera/meta.prop
2023-10-11 09:17:30 (I) Loader: loading remote: /home/alan/.urserver/remotes/bundled/Unified/Main/Skype/meta.prop
2023-10-11 09:17:30 (I) Loader: skipping remote for platform: legacy
2023-10-11 09:17:30 (I) Loader: loading remote: /home/alan/.urserver/remotes/bundled/Unified/Main/Safari/meta.prop
2023-10-11 09:17:30 (I) Loader: skipping remote for platform: macosx
2023-10-11 09:17:30 (I) Loader: loading remote: /home/alan/.urserver/remotes/bundled/Unified/Main/iPhoto/meta.prop
2023-10-11 09:17:30 (I) Loader: skipping remote for platform: osx
2023-10-11 09:17:30 (I) Loader: loading remote: /home/alan/.urserver/remotes/bundled/Unified/Main/Basic Input MT/meta.prop
2023-10-11 09:17:30 (I) Loader: loading remote: /home/alan/.urserver/remotes/bundled/Unified/Main/Pandora/meta.prop
2023-10-11 09:17:30 (I) Loader: loading remote: /home/alan/.urserver/remotes/bundled/Unified/Main/Crunchyroll/meta.prop
2023-10-11 09:17:30 (I) Loader: loading remote: /home/alan/.urserver/remotes/bundled/Unified/Main/TellStick/meta.prop
2023-10-11 09:17:30 (I) Loader: skipping remote for platform: windows
2023-10-11 09:17:30 (I) Loader: loading remote: /home/alan/.urserver/remotes/bundled/Unified/Main/Chrome/meta.prop
2023-10-11 09:17:30 (I) Loader: loading remote: /home/alan/.urserver/remotes/bundled/Unified/Main/Windows Media Player/meta.prop
2023-10-11 09:17:30 (I) Loader: skipping remote for platform: windows
2023-10-11 09:17:30 (I) Loader: loading remote: /home/alan/.urserver/remotes/bundled/Unified/Main/Media/meta.prop
2023-10-11 09:17:30 (I) Loader: loading remote: /home/alan/.urserver/remotes/bundled/Unified/Main/Monitor/meta.prop
2023-10-11 09:17:30 (I) Loader: loading remote: /home/alan/.urserver/remotes/bundled/Unified/Main/Netflix App/meta.prop
2023-10-11 09:17:30 (I) Loader: skipping remote for platform: windows
2023-10-11 09:17:30 (I) Loader: loading remote: /home/alan/.urserver/remotes/bundled/Unified/Main/Stremio/meta.prop
2023-10-11 09:17:30 (I) Loader: loading remote: /home/alan/.urserver/remotes/bundled/Unified/Main/Numpad/meta.prop
2023-10-11 09:17:30 (I) Loader: loading remote: /home/alan/.urserver/remotes/bundled/Unified/Main/GOM Player/meta.prop
2023-10-11 09:17:30 (I) Loader: loading remote: /home/alan/.urserver/remotes/bundled/Unified/Main/Disney+/meta.prop
2023-10-11 09:17:30 (I) Loader: loading remote: /home/alan/.urserver/remotes/bundled/Unified/Main/Daum PotPlayer/meta.prop
2023-10-11 09:17:30 (I) Loader: skipping remote for platform: windows
2023-10-11 09:17:30 (I) Loader: loading remote: /home/alan/.urserver/remotes/bundled/Unified/Main/Hulu Web/meta.prop
2023-10-11 09:17:30 (I) Loader: loading remote: /home/alan/.urserver/remotes/bundled/Unified/Main/HBO GO/meta.prop
2023-10-11 09:17:30 (I) Loader: loading remote: /home/alan/.urserver/remotes/bundled/Unified/Main/MediaMonkey/meta.prop
2023-10-11 09:17:30 (I) Loader: skipping remote for platform: windows
2023-10-11 09:17:30 (I) Loader: loading remote: /home/alan/.urserver/remotes/bundled/Unified/Main/Plex App Win10/meta.prop
2023-10-11 09:17:30 (I) Loader: skipping remote for platform: win
2023-10-11 09:17:30 (I) Loader: loading remote: /home/alan/.urserver/remotes/bundled/Unified/Main/Boxee Keyboard Legacy/meta.prop
2023-10-11 09:17:30 (I) Loader: skipping remote for platform: windows
2023-10-11 09:17:30 (I) Loader: loading remote: /home/alan/.urserver/remotes/bundled/Unified/Main/Netflix App Win10/meta.prop
2023-10-11 09:17:30 (I) Loader: skipping remote for platform: windows
2023-10-11 09:17:30 (I) Loader: loading remote: /home/alan/.urserver/remotes/bundled/Unified/Main/Pixel/meta.prop
2023-10-11 09:17:30 (I) Loader: skipping remote for platform: windows
2023-10-11 09:17:30 (I) Loader: loading remote: /home/alan/.urserver/remotes/bundled/Unified/Main/Blender Numpad Advanced/meta.prop
2023-10-11 09:17:30 (I) Loader: loading remote: /home/alan/.urserver/remotes/bundled/Unified/Main/Kodi Keyboard Dpad/meta.prop
2023-10-11 09:17:30 (I) Loader: loading remote: /home/alan/.urserver/remotes/bundled/Unified/Main/Windows Photo Viewer/meta.prop
2023-10-11 09:17:30 (I) Loader: skipping remote for platform: windows
2023-10-11 09:17:30 (I) Loader: loading remote: /home/alan/.urserver/remotes/bundled/Unified/Main/Command/meta.prop
2023-10-11 09:17:30 (I) Loader: loading remote: /home/alan/.urserver/remotes/bundled/Unified/Main/File Manager/meta.prop
2023-10-11 09:17:30 (I) Loader: loading remote: /home/alan/.urserver/remotes/bundled/Unified/Main/photos/meta.prop
2023-10-11 09:17:30 (I) Loader: skipping remote for platform: osx
2023-10-11 09:17:30 (I) Loader: loading remote: /home/alan/.urserver/remotes/bundled/Unified/Main/Hulu Desktop/meta.prop
2023-10-11 09:17:30 (I) Loader: skipping remote for platform: windows
2023-10-11 09:17:30 (I) Loader: loading remote: /home/alan/.urserver/remotes/bundled/Unified/Main/Plex Keyboard/meta.prop
2023-10-11 09:17:30 (I) Loader: loading remote: /home/alan/.urserver/remotes/bundled/Unified/Main/Kodi Keyboard/meta.prop
2023-10-11 09:17:30 (I) Loader: loading remote: /home/alan/.urserver/remotes/bundled/Unified/Main/Powder Player/meta.prop
2023-10-11 09:17:30 (I) Loader: loading remote: /home/alan/.urserver/remotes/bundled/Unified/Main/Volume/meta.prop
2023-10-11 09:17:30 (I) Loader: skipping remote for platform: windows macosx
2023-10-11 09:17:30 (I) Loader: loading remote: /home/alan/.urserver/remotes/bundled/Unified/Main/Spotify/meta.prop
2023-10-11 09:17:30 (I) Loader: loading remote: /home/alan/.urserver/remotes/bundled/Unified/Main/Screen/meta.prop
2023-10-11 09:17:30 (I) Loader: skipping remote for platform: windows macosx
2023-10-11 09:17:30 (I) Loader: loading remote: /home/alan/.urserver/remotes/bundled/Unified/Main/XBMC Keyboard/meta.prop
2023-10-11 09:17:30 (I) Loader: loading remote: /home/alan/.urserver/remotes/bundled/Unified/Main/CD-DVD Tray/meta.prop
2023-10-11 09:17:30 (I) Loader: skipping remote for platform: windows macosx
2023-10-11 09:17:30 (I) Loader: loading remote: /home/alan/.urserver/remotes/bundled/Unified/Main/Scroll Wheel/meta.prop
2023-10-11 09:17:30 (I) Loader: loading remote: /home/alan/.urserver/remotes/bundled/Unified/Main/Windows/meta.prop
2023-10-11 09:17:30 (I) Loader: skipping remote for platform: windows
2023-10-11 09:17:30 (I) Loader: loading remote: /home/alan/.urserver/remotes/bundled/Unified/Main/Spy/meta.prop
2023-10-11 09:17:30 (I) Loader: skipping remote for platform: windows
2023-10-11 09:17:30 (I) Loader: loading remote: /home/alan/.urserver/remotes/bundled/Unified/Main/SoundCloud/meta.prop
2023-10-11 09:17:30 (I) Loader: loading remote: /home/alan/.urserver/remotes/bundled/Unified/Main/Server Manager/meta.prop
2023-10-11 09:17:30 (I) Loader: loading remote: /home/alan/.urserver/remotes/bundled/Unified/Main/iTunes/meta.prop
2023-10-11 09:17:30 (I) Loader: skipping remote for platform: windows osx
2023-10-11 09:17:30 (I) Loader: loading remote: /home/alan/.urserver/remotes/bundled/Unified/Main/Photos Windows/meta.prop
2023-10-11 09:17:30 (I) Loader: skipping remote for platform: windows
2023-10-11 09:17:30 (I) Loader: loading remote: /home/alan/.urserver/remotes/bundled/Unified/Main/USB-UIRT/meta.prop
2023-10-11 09:17:30 (I) Loader: skipping remote for platform: windows
2023-10-11 09:17:30 (I) Loader: loading remote: /home/alan/.urserver/remotes/bundled/Unified/Main/Launcher (Mac)/meta.prop
2023-10-11 09:17:30 (I) Loader: skipping remote for platform: macosx
2023-10-11 09:17:30 (I) Loader: loading remote: /home/alan/.urserver/remotes/bundled/Unified/Main/JRiver/meta.prop
2023-10-11 09:17:30 (I) Loader: skipping remote for platform: windows
2023-10-11 09:17:30 (I) Loader: loading remote: /home/alan/.urserver/remotes/bundled/Unified/Main/YouTube/meta.prop
2023-10-11 09:17:30 (I) Loader: loading remote: /home/alan/.urserver/remotes/bundled/Unified/Main/MusicBee/meta.prop
2023-10-11 09:17:30 (I) Loader: skipping remote for platform: windows
2023-10-11 09:17:30 (I) Loader: loading remote: /home/alan/.urserver/remotes/bundled/Unified/Main/VLC Web/meta.prop
2023-10-11 09:17:30 (I) Loader: loading remote: /home/alan/.urserver/remotes/bundled/Unified/Main/Mac OS X/meta.prop
2023-10-11 09:17:30 (I) Loader: skipping remote for platform: osx
2023-10-11 09:17:30 (I) Loader: loading remote: /home/alan/.urserver/remotes/bundled/Unified/Main/MPC-HC/meta.prop
2023-10-11 09:17:30 (I) Loader: skipping remote for platform: windows
2023-10-11 09:17:30 (I) Loader: loading remote: /home/alan/.urserver/remotes/bundled/Unified/Main/Keynote/meta.prop
2023-10-11 09:17:30 (I) Loader: skipping remote for platform: osx
2023-10-11 09:17:30 (I) Loader: loading remote: /home/alan/.urserver/remotes/bundled/Unified/Main/Pyxel Edit-V/meta.prop
2023-10-11 09:17:30 (I) Loader: loading remote: /home/alan/.urserver/remotes/bundled/Unified/Main/Groove/meta.prop
2023-10-11 09:17:30 (I) Loader: skipping remote for platform: windows
2023-10-11 09:17:30 (I) Loader: loading remote: /home/alan/.urserver/remotes/bundled/Unified/Main/Google Presentation/meta.prop
2023-10-11 09:17:30 (I) Loader: loading remote: /home/alan/.urserver/remotes/bundled/Unified/Main/Power/meta.prop
2023-10-11 09:17:30 (I) Loader: loading remote: /home/alan/.urserver/remotes/bundled/Unified/Main/Picasa/meta.prop
2023-10-11 09:17:30 (I) Loader: skipping remote for platform: windows
2023-10-11 09:17:30 (I) Loader: loading remote: /home/alan/.urserver/remotes/bundled/Unified/Main/PowerPoint Advanced/meta.prop
2023-10-11 09:17:30 (I) Loader: skipping remote for platform: windows osx
2023-10-11 09:17:30 (I) Loader: loading remote: /home/alan/.urserver/remotes/bundled/Unified/Main/Windows 8/meta.prop
2023-10-11 09:17:30 (I) Loader: skipping remote for platform: windows
2023-10-11 09:17:30 (I) Loader: loading remote: /home/alan/.urserver/remotes/bundled/Unified/Main/Netflix/meta.prop
2023-10-11 09:17:30 (I) Loader: loading remote: /home/alan/.urserver/remotes/bundled/Unified/Main/Edge/meta.prop
2023-10-11 09:17:30 (I) Loader: loading remote: /home/alan/.urserver/remotes/bundled/Unified/Main/Boxee Web/meta.prop
2023-10-11 09:17:30 (I) Loader: loading remote: /home/alan/.urserver/remotes/bundled/Unified/Main/Basic Input/meta.prop
2023-10-11 09:17:30 (I) Loader: loading remote: /home/alan/.urserver/remotes/bundled/Unified/Main/Blender Numpad/meta.prop
2023-10-11 09:17:30 (I) Loader: loading remote: /home/alan/.urserver/remotes/bundled/Unified/Main/Magnifier/meta.prop
2023-10-11 09:17:30 (I) Loader: skipping remote for platform: windows
2023-10-11 09:17:30 (I) Loader: loading remote: /home/alan/.urserver/remotes/bundled/Unified/Main/Plex/meta.prop
2023-10-11 09:17:30 (I) Loader: loading remote: /home/alan/.urserver/remotes/bundled/Unified/Main/PowerPoint Basic/meta.prop
2023-10-11 09:17:30 (I) Loader: loading remote: /home/alan/.urserver/remotes/bundled/Unified/Main/Music/meta.prop
2023-10-11 09:17:30 (I) Loader: skipping remote for platform: osx
2023-10-11 09:17:30 (I) Loader: loading remote: /home/alan/.urserver/remotes/bundled/Unified/Main/Windows Media Center/meta.prop
2023-10-11 09:17:30 (I) Loader: skipping remote for platform: windows
2023-10-11 09:17:30 (I) Loader: loading remote: /home/alan/.urserver/remotes/bundled/Unified/Main/MediaPortal/meta.prop
2023-10-11 09:17:30 (I) Loader: skipping remote for platform: windows
2023-10-11 09:17:30 (I) Loader: loading remote: /home/alan/.urserver/remotes/bundled/Unified/Main/Winamp/meta.prop
2023-10-11 09:17:30 (I) Loader: skipping remote for platform: windows
2023-10-11 09:17:30 (I) Loader: loading remote: /home/alan/.urserver/remotes/bundled/Unified/Main/MPlayerX/meta.prop
2023-10-11 09:17:30 (I) Loader: skipping remote for platform: osx
2023-10-11 09:17:30 (I) Loader: loading remote: /home/alan/.urserver/remotes/bundled/Unified/Main/Amazon Prime Video/meta.prop
2023-10-11 09:17:30 (I) Loader: loading remote: /home/alan/.urserver/remotes/bundled/Unified/Main/Movies TV/meta.prop
2023-10-11 09:17:30 (I) Loader: skipping remote for platform: windows
2023-10-11 09:17:30 (I) Loader: loading remote: /home/alan/.urserver/remotes/bundled/Unified/Core/Input/meta.prop
2023-10-11 09:17:30 (I) Loader: loading remote: /home/alan/.urserver/remotes/bundled/Unified/Core/OS/meta.prop
2023-10-11 09:17:30 (I) Loader: loading remote: /home/alan/.urserver/remotes/bundled/Unified/Core/FS/meta.prop
2023-10-11 09:17:30 (I) Loader: loading remote: /home/alan/.urserver/remotes/bundled/Unified/Core/Keyboard/meta.prop
2023-10-11 09:17:30 (I) Loader: loading remote: /home/alan/.urserver/remotes/bundled/Unified/Core/Win/meta.prop
2023-10-11 09:17:30 (I) Loader: skipping remote for platform: windows
2023-10-11 09:17:30 (I) Loader: loading remote: /home/alan/.urserver/remotes/bundled/Unified/Core/HTTP/meta.prop
2023-10-11 09:17:30 (I) Loader: loading remote: /home/alan/.urserver/remotes/bundled/Unified/Core/Mouse/meta.prop
2023-10-11 09:17:30 (I) Loader: loading remote: /home/alan/.urserver/remotes/bundled/Unified/Core/Log/meta.prop
2023-10-11 09:17:30 (I) Loader: loading remote: /home/alan/.urserver/remotes/bundled/Unified/Core/Script/meta.prop
2023-10-11 09:17:30 (I) Loader: loading remote: /home/alan/.urserver/remotes/bundled/MPC-BE/meta.prop
2023-10-11 09:17:30 (I) Loader: skipping remote for platform: windows
2023-10-11 09:17:30 (I) Loader: loading remote: /home/alan/.urserver/remotes/bundled/EyeTV/meta.prop
2023-10-11 09:17:30 (I) Loader: skipping remote for platform: osx
2023-10-11 09:17:30 (W) Loader: path does not exist (/opt/urserver/custom)
2023-10-11 09:17:30 (I) InputBuilderFactoryImpl: XDG_SESSION_TYPE=x11
2023-10-11 09:17:30 (I) InputBuilderFactoryImpl: wayland NOT detected. trying X libraries instead...
2023-10-11 09:17:30 (I) InputBuilderFactoryImpl: loaded X libraries
2023-10-11 09:17:30 (I) TCPInterfaceBase: started tcp interface on port 9512
2023-10-11 09:17:30 (I) UDPInterface: started udp interface on port 9512
2023-10-11 09:17:30 (I) HTTPInterface: started http interface on port 9510
2023-10-11 09:17:30 (E) BluetoothInterface: bluetooth: could not connect to sdp
2023-10-11 09:17:30 (I) Discovery: started discovery interface on port 9511
2023-10-11 09:17:30 (I) App: non-interactive mode
2023-10-11 09:17:30 (I) App: waiting for termination request...
2023-10-11 10:09:50 (I) BluetoothInterface: loaded bluetooth
2023-10-11 10:09:50 (I) Engine: initialized (production release 2505)
2023-10-11 10:09:50 (I) Engine: app: /opt/urserver/urserver
2023-10-11 10:09:50 (I) Engine: manager: /opt/urserver/manager
2023-10-11 10:09:50 (I) Engine: config: /home/alan/.urserver/urserver.config
2023-10-11 10:09:50 (I) Engine: logs: /home/alan/.urserver/urserver.log
2023-10-11 10:09:50 (I) Engine: remotes: /home/alan/.urserver/remotes
2023-10-11 10:09:50 (I) Engine: custom: /opt/urserver/custom
2023-10-11 10:09:50 (I) App: application starting
2023-10-11 10:09:50 (I) Loader: loading remote: /home/alan/.urserver/remotes/MPV/meta.prop
2023-10-11 10:09:50 (I) Loader: loading remote: /home/alan/.urserver/remotes/bundled/Porthole/meta.prop
2023-10-11 10:09:50 (I) Loader: skipping remote for platform: osx
2023-10-11 10:09:50 (I) Loader: loading remote: /home/alan/.urserver/remotes/bundled/Beamer/Beamer/meta.prop
2023-10-11 10:09:50 (I) Loader: skipping remote for platform: osx
2023-10-11 10:09:50 (I) Loader: loading remote: /home/alan/.urserver/remotes/bundled/Beamer/Beamer File Picker/meta.prop
2023-10-11 10:09:50 (I) Loader: skipping remote for platform: osx
2023-10-11 10:09:50 (I) Loader: loading remote: /home/alan/.urserver/remotes/bundled/Unified/Examples/Run/meta.prop
2023-10-11 10:09:50 (I) Loader: loading remote: /home/alan/.urserver/remotes/bundled/Unified/Examples/IR/meta.prop
2023-10-11 10:09:50 (I) Loader: loading remote: /home/alan/.urserver/remotes/bundled/Unified/Examples/Scripts/meta.prop
2023-10-11 10:09:50 (I) Loader: loading remote: /home/alan/.urserver/remotes/bundled/Unified/Examples/Keys/meta.prop
2023-10-11 10:09:50 (I) Loader: loading remote: /home/alan/.urserver/remotes/bundled/Unified/Examples/IR Offline/meta.prop
2023-10-11 10:09:50 (I) Loader: loading remote: /home/alan/.urserver/remotes/bundled/Unified/Examples/HTTP/meta.prop
2023-10-11 10:09:51 (I) Loader: loading remote: /home/alan/.urserver/remotes/bundled/Unified/Examples/USB-UIRT/meta.prop
2023-10-11 10:09:51 (I) Loader: skipping remote for platform: windows
2023-10-11 10:09:51 (I) Loader: loading remote: /home/alan/.urserver/remotes/bundled/Unified/Gaming/Minecraft/meta.prop
2023-10-11 10:09:51 (I) Loader: skipping remote for platform: windows
2023-10-11 10:09:51 (I) Loader: loading remote: /home/alan/.urserver/remotes/bundled/Unified/Main/TwitchTV/meta.prop
2023-10-11 10:09:51 (I) Loader: loading remote: /home/alan/.urserver/remotes/bundled/Unified/Main/Google Music/meta.prop
2023-10-11 10:09:51 (I) Loader: loading remote: /home/alan/.urserver/remotes/bundled/Unified/Main/Zoom/meta.prop
2023-10-11 10:09:51 (I) Loader: loading remote: /home/alan/.urserver/remotes/bundled/Unified/Main/XBMC Web/meta.prop
2023-10-11 10:09:51 (I) Loader: loading remote: /home/alan/.urserver/remotes/bundled/Unified/Main/VLC/meta.prop
2023-10-11 10:09:51 (I) Loader: loading remote: /home/alan/.urserver/remotes/bundled/Unified/Main/SlideShow/meta.prop
2023-10-11 10:09:51 (I) Loader: loading remote: /home/alan/.urserver/remotes/bundled/Unified/Main/Kodi Web/meta.prop
2023-10-11 10:09:51 (I) Loader: loading remote: /home/alan/.urserver/remotes/bundled/Unified/Main/Performance/meta.prop
2023-10-11 10:09:51 (I) Loader: loading remote: /home/alan/.urserver/remotes/bundled/Unified/Main/Spotify Advanced/meta.prop
2023-10-11 10:09:51 (I) Loader: loading remote: /home/alan/.urserver/remotes/bundled/Unified/Main/Keyboards/Dvorak/meta.prop
2023-10-11 10:09:51 (I) Loader: loading remote: /home/alan/.urserver/remotes/bundled/Unified/Main/Keyboards/German/meta.prop
2023-10-11 10:09:51 (I) Loader: loading remote: /home/alan/.urserver/remotes/bundled/Unified/Main/Keyboards/Navigation/meta.prop
2023-10-11 10:09:51 (I) Loader: loading remote: /home/alan/.urserver/remotes/bundled/Unified/Main/Keyboards/Swedish/meta.prop
2023-10-11 10:09:51 (I) Loader: loading remote: /home/alan/.urserver/remotes/bundled/Unified/Main/Keyboards/Arabic/meta.prop
2023-10-11 10:09:51 (I) Loader: loading remote: /home/alan/.urserver/remotes/bundled/Unified/Main/Keyboards/Russian/meta.prop
2023-10-11 10:09:51 (I) Loader: loading remote: /home/alan/.urserver/remotes/bundled/Unified/Main/Keyboards/Function/meta.prop
2023-10-11 10:09:51 (I) Loader: loading remote: /home/alan/.urserver/remotes/bundled/Unified/Main/Keyboards/English/meta.prop
2023-10-11 10:09:51 (I) Loader: loading remote: /home/alan/.urserver/remotes/bundled/Unified/Main/QuickTime Player/meta.prop
2023-10-11 10:09:51 (I) Loader: skipping remote for platform: osx
2023-10-11 10:09:51 (I) Loader: loading remote: /home/alan/.urserver/remotes/bundled/Unified/Main/Pyxel Edit-H/meta.prop
2023-10-11 10:09:51 (I) Loader: loading remote: /home/alan/.urserver/remotes/bundled/Unified/Main/Firefox/meta.prop
2023-10-11 10:09:51 (I) Loader: loading remote: /home/alan/.urserver/remotes/bundled/Unified/Main/Start/meta.prop
2023-10-11 10:09:51 (I) Loader: skipping remote for platform: win
2023-10-11 10:09:51 (I) Loader: loading remote: /home/alan/.urserver/remotes/bundled/Unified/Main/KMPlayer/meta.prop
2023-10-11 10:09:51 (I) Loader: skipping remote for platform: windows
2023-10-11 10:09:51 (I) Loader: loading remote: /home/alan/.urserver/remotes/bundled/Unified/Main/Task Manager/meta.prop
2023-10-11 10:09:51 (I) Loader: skipping remote for platform: windows macosx
2023-10-11 10:09:51 (I) Loader: loading remote: /home/alan/.urserver/remotes/bundled/Unified/Main/Napster/meta.prop
2023-10-11 10:09:51 (I) Loader: loading remote: /home/alan/.urserver/remotes/bundled/Unified/Main/KMPlayer Legacy/meta.prop
2023-10-11 10:09:51 (I) Loader: skipping remote for platform: windows
2023-10-11 10:09:51 (I) Loader: loading remote: /home/alan/.urserver/remotes/bundled/Unified/Main/foobar2000/meta.prop
2023-10-11 10:09:51 (I) Loader: skipping remote for platform: windows
2023-10-11 10:09:51 (I) Loader: loading remote: /home/alan/.urserver/remotes/bundled/Unified/Main/Launcher (Linux)/meta.prop
2023-10-11 10:09:51 (I) Loader: loading remote: /home/alan/.urserver/remotes/bundled/Unified/Main/Send Text/meta.prop
2023-10-11 10:09:51 (I) Loader: loading remote: /home/alan/.urserver/remotes/bundled/Unified/Main/TellStick Live/meta.prop
2023-10-11 10:09:51 (I) Loader: skipping remote for platform: windows
2023-10-11 10:09:51 (I) Loader: loading remote: /home/alan/.urserver/remotes/bundled/Unified/Main/IE/meta.prop
2023-10-11 10:09:51 (I) Loader: skipping remote for platform: windows
2023-10-11 10:09:51 (I) Loader: loading remote: /home/alan/.urserver/remotes/bundled/Unified/Main/BSPlayer/meta.prop
2023-10-11 10:09:51 (I) Loader: skipping remote for platform: windows
2023-10-11 10:09:51 (I) Loader: loading remote: /home/alan/.urserver/remotes/bundled/Unified/Main/Opera/meta.prop
2023-10-11 10:09:51 (I) Loader: loading remote: /home/alan/.urserver/remotes/bundled/Unified/Main/Skype/meta.prop
2023-10-11 10:09:51 (I) Loader: skipping remote for platform: legacy
2023-10-11 10:09:51 (I) Loader: loading remote: /home/alan/.urserver/remotes/bundled/Unified/Main/Safari/meta.prop
2023-10-11 10:09:51 (I) Loader: skipping remote for platform: macosx
2023-10-11 10:09:51 (I) Loader: loading remote: /home/alan/.urserver/remotes/bundled/Unified/Main/iPhoto/meta.prop
2023-10-11 10:09:51 (I) Loader: skipping remote for platform: osx
2023-10-11 10:09:51 (I) Loader: loading remote: /home/alan/.urserver/remotes/bundled/Unified/Main/Basic Input MT/meta.prop
2023-10-11 10:09:51 (I) Loader: loading remote: /home/alan/.urserver/remotes/bundled/Unified/Main/Pandora/meta.prop
2023-10-11 10:09:51 (I) Loader: loading remote: /home/alan/.urserver/remotes/bundled/Unified/Main/Crunchyroll/meta.prop
2023-10-11 10:09:51 (I) Loader: loading remote: /home/alan/.urserver/remotes/bundled/Unified/Main/TellStick/meta.prop
2023-10-11 10:09:51 (I) Loader: skipping remote for platform: windows
2023-10-11 10:09:51 (I) Loader: loading remote: /home/alan/.urserver/remotes/bundled/Unified/Main/Chrome/meta.prop
2023-10-11 10:09:51 (I) Loader: loading remote: /home/alan/.urserver/remotes/bundled/Unified/Main/Windows Media Player/meta.prop
2023-10-11 10:09:51 (I) Loader: skipping remote for platform: windows
2023-10-11 10:09:51 (I) Loader: loading remote: /home/alan/.urserver/remotes/bundled/Unified/Main/Media/meta.prop
2023-10-11 10:09:51 (I) Loader: loading remote: /home/alan/.urserver/remotes/bundled/Unified/Main/Monitor/meta.prop
2023-10-11 10:09:51 (I) Loader: loading remote: /home/alan/.urserver/remotes/bundled/Unified/Main/Netflix App/meta.prop
2023-10-11 10:09:51 (I) Loader: skipping remote for platform: windows
2023-10-11 10:09:51 (I) Loader: loading remote: /home/alan/.urserver/remotes/bundled/Unified/Main/Stremio/meta.prop
2023-10-11 10:09:51 (I) Loader: loading remote: /home/alan/.urserver/remotes/bundled/Unified/Main/Numpad/meta.prop
2023-10-11 10:09:51 (I) Loader: loading remote: /home/alan/.urserver/remotes/bundled/Unified/Main/GOM Player/meta.prop
2023-10-11 10:09:51 (I) Loader: loading remote: /home/alan/.urserver/remotes/bundled/Unified/Main/Disney+/meta.prop
2023-10-11 10:09:51 (I) Loader: loading remote: /home/alan/.urserver/remotes/bundled/Unified/Main/Daum PotPlayer/meta.prop
2023-10-11 10:09:51 (I) Loader: skipping remote for platform: windows
2023-10-11 10:09:51 (I) Loader: loading remote: /home/alan/.urserver/remotes/bundled/Unified/Main/Hulu Web/meta.prop
2023-10-11 10:09:51 (I) Loader: loading remote: /home/alan/.urserver/remotes/bundled/Unified/Main/HBO GO/meta.prop
2023-10-11 10:09:51 (I) Loader: loading remote: /home/alan/.urserver/remotes/bundled/Unified/Main/MediaMonkey/meta.prop
2023-10-11 10:09:51 (I) Loader: skipping remote for platform: windows
2023-10-11 10:09:51 (I) Loader: loading remote: /home/alan/.urserver/remotes/bundled/Unified/Main/Plex App Win10/meta.prop
2023-10-11 10:09:51 (I) Loader: skipping remote for platform: win
2023-10-11 10:09:51 (I) Loader: loading remote: /home/alan/.urserver/remotes/bundled/Unified/Main/Boxee Keyboard Legacy/meta.prop
2023-10-11 10:09:51 (I) Loader: skipping remote for platform: windows
2023-10-11 10:09:51 (I) Loader: loading remote: /home/alan/.urserver/remotes/bundled/Unified/Main/Netflix App Win10/meta.prop
2023-10-11 10:09:51 (I) Loader: skipping remote for platform: windows
2023-10-11 10:09:51 (I) Loader: loading remote: /home/alan/.urserver/remotes/bundled/Unified/Main/Pixel/meta.prop
2023-10-11 10:09:51 (I) Loader: skipping remote for platform: windows
2023-10-11 10:09:51 (I) Loader: loading remote: /home/alan/.urserver/remotes/bundled/Unified/Main/Blender Numpad Advanced/meta.prop
2023-10-11 10:09:51 (I) Loader: loading remote: /home/alan/.urserver/remotes/bundled/Unified/Main/Kodi Keyboard Dpad/meta.prop
2023-10-11 10:09:51 (I) Loader: loading remote: /home/alan/.urserver/remotes/bundled/Unified/Main/Windows Photo Viewer/meta.prop
2023-10-11 10:09:51 (I) Loader: skipping remote for platform: windows
2023-10-11 10:09:51 (I) Loader: loading remote: /home/alan/.urserver/remotes/bundled/Unified/Main/Command/meta.prop
2023-10-11 10:09:51 (I) Loader: loading remote: /home/alan/.urserver/remotes/bundled/Unified/Main/File Manager/meta.prop
2023-10-11 10:09:51 (I) Loader: loading remote: /home/alan/.urserver/remotes/bundled/Unified/Main/photos/meta.prop
2023-10-11 10:09:51 (I) Loader: skipping remote for platform: osx
2023-10-11 10:09:51 (I) Loader: loading remote: /home/alan/.urserver/remotes/bundled/Unified/Main/Hulu Desktop/meta.prop
2023-10-11 10:09:51 (I) Loader: skipping remote for platform: windows
2023-10-11 10:09:51 (I) Loader: loading remote: /home/alan/.urserver/remotes/bundled/Unified/Main/Plex Keyboard/meta.prop
2023-10-11 10:09:51 (I) Loader: loading remote: /home/alan/.urserver/remotes/bundled/Unified/Main/Kodi Keyboard/meta.prop
2023-10-11 10:09:51 (I) Loader: loading remote: /home/alan/.urserver/remotes/bundled/Unified/Main/Powder Player/meta.prop
2023-10-11 10:09:51 (I) Loader: loading remote: /home/alan/.urserver/remotes/bundled/Unified/Main/Volume/meta.prop
2023-10-11 10:09:51 (I) Loader: skipping remote for platform: windows macosx
2023-10-11 10:09:51 (I) Loader: loading remote: /home/alan/.urserver/remotes/bundled/Unified/Main/Spotify/meta.prop
2023-10-11 10:09:51 (I) Loader: loading remote: /home/alan/.urserver/remotes/bundled/Unified/Main/Screen/meta.prop
2023-10-11 10:09:51 (I) Loader: skipping remote for platform: windows macosx
2023-10-11 10:09:51 (I) Loader: loading remote: /home/alan/.urserver/remotes/bundled/Unified/Main/XBMC Keyboard/meta.prop
2023-10-11 10:09:51 (I) Loader: loading remote: /home/alan/.urserver/remotes/bundled/Unified/Main/CD-DVD Tray/meta.prop
2023-10-11 10:09:51 (I) Loader: skipping remote for platform: windows macosx
2023-10-11 10:09:51 (I) Loader: loading remote: /home/alan/.urserver/remotes/bundled/Unified/Main/Scroll Wheel/meta.prop
2023-10-11 10:09:51 (I) Loader: loading remote: /home/alan/.urserver/remotes/bundled/Unified/Main/Windows/meta.prop
2023-10-11 10:09:51 (I) Loader: skipping remote for platform: windows
2023-10-11 10:09:51 (I) Loader: loading remote: /home/alan/.urserver/remotes/bundled/Unified/Main/Spy/meta.prop
2023-10-11 10:09:51 (I) Loader: skipping remote for platform: windows
2023-10-11 10:09:51 (I) Loader: loading remote: /home/alan/.urserver/remotes/bundled/Unified/Main/SoundCloud/meta.prop
2023-10-11 10:09:51 (I) Loader: loading remote: /home/alan/.urserver/remotes/bundled/Unified/Main/Server Manager/meta.prop
2023-10-11 10:09:51 (I) Loader: loading remote: /home/alan/.urserver/remotes/bundled/Unified/Main/iTunes/meta.prop
2023-10-11 10:09:51 (I) Loader: skipping remote for platform: windows osx
2023-10-11 10:09:51 (I) Loader: loading remote: /home/alan/.urserver/remotes/bundled/Unified/Main/Photos Windows/meta.prop
2023-10-11 10:09:51 (I) Loader: skipping remote for platform: windows
2023-10-11 10:09:51 (I) Loader: loading remote: /home/alan/.urserver/remotes/bundled/Unified/Main/USB-UIRT/meta.prop
2023-10-11 10:09:51 (I) Loader: skipping remote for platform: windows
2023-10-11 10:09:51 (I) Loader: loading remote: /home/alan/.urserver/remotes/bundled/Unified/Main/Launcher (Mac)/meta.prop
2023-10-11 10:09:51 (I) Loader: skipping remote for platform: macosx
2023-10-11 10:09:51 (I) Loader: loading remote: /home/alan/.urserver/remotes/bundled/Unified/Main/JRiver/meta.prop
2023-10-11 10:09:51 (I) Loader: skipping remote for platform: windows
2023-10-11 10:09:51 (I) Loader: loading remote: /home/alan/.urserver/remotes/bundled/Unified/Main/YouTube/meta.prop
2023-10-11 10:09:51 (I) Loader: loading remote: /home/alan/.urserver/remotes/bundled/Unified/Main/MusicBee/meta.prop
2023-10-11 10:09:51 (I) Loader: skipping remote for platform: windows
2023-10-11 10:09:51 (I) Loader: loading remote: /home/alan/.urserver/remotes/bundled/Unified/Main/VLC Web/meta.prop
2023-10-11 10:09:51 (I) Loader: loading remote: /home/alan/.urserver/remotes/bundled/Unified/Main/Mac OS X/meta.prop
2023-10-11 10:09:51 (I) Loader: skipping remote for platform: osx
2023-10-11 10:09:51 (I) Loader: loading remote: /home/alan/.urserver/remotes/bundled/Unified/Main/MPC-HC/meta.prop
2023-10-11 10:09:51 (I) Loader: skipping remote for platform: windows
2023-10-11 10:09:51 (I) Loader: loading remote: /home/alan/.urserver/remotes/bundled/Unified/Main/Keynote/meta.prop
2023-10-11 10:09:51 (I) Loader: skipping remote for platform: osx
2023-10-11 10:09:51 (I) Loader: loading remote: /home/alan/.urserver/remotes/bundled/Unified/Main/Pyxel Edit-V/meta.prop
2023-10-11 10:09:51 (I) Loader: loading remote: /home/alan/.urserver/remotes/bundled/Unified/Main/Groove/meta.prop
2023-10-11 10:09:51 (I) Loader: skipping remote for platform: windows
2023-10-11 10:09:51 (I) Loader: loading remote: /home/alan/.urserver/remotes/bundled/Unified/Main/Google Presentation/meta.prop
2023-10-11 10:09:51 (I) Loader: loading remote: /home/alan/.urserver/remotes/bundled/Unified/Main/Power/meta.prop
2023-10-11 10:09:51 (I) Loader: loading remote: /home/alan/.urserver/remotes/bundled/Unified/Main/Picasa/meta.prop
2023-10-11 10:09:51 (I) Loader: skipping remote for platform: windows
2023-10-11 10:09:51 (I) Loader: loading remote: /home/alan/.urserver/remotes/bundled/Unified/Main/PowerPoint Advanced/meta.prop
2023-10-11 10:09:51 (I) Loader: skipping remote for platform: windows osx
2023-10-11 10:09:51 (I) Loader: loading remote: /home/alan/.urserver/remotes/bundled/Unified/Main/Windows 8/meta.prop
2023-10-11 10:09:51 (I) Loader: skipping remote for platform: windows
2023-10-11 10:09:51 (I) Loader: loading remote: /home/alan/.urserver/remotes/bundled/Unified/Main/Netflix/meta.prop
2023-10-11 10:09:51 (I) Loader: loading remote: /home/alan/.urserver/remotes/bundled/Unified/Main/Edge/meta.prop
2023-10-11 10:09:51 (I) Loader: loading remote: /home/alan/.urserver/remotes/bundled/Unified/Main/Boxee Web/meta.prop
2023-10-11 10:09:51 (I) Loader: loading remote: /home/alan/.urserver/remotes/bundled/Unified/Main/Basic Input/meta.prop
2023-10-11 10:09:51 (I) Loader: loading remote: /home/alan/.urserver/remotes/bundled/Unified/Main/Blender Numpad/meta.prop
2023-10-11 10:09:51 (I) Loader: loading remote: /home/alan/.urserver/remotes/bundled/Unified/Main/Magnifier/meta.prop
2023-10-11 10:09:51 (I) Loader: skipping remote for platform: windows
2023-10-11 10:09:51 (I) Loader: loading remote: /home/alan/.urserver/remotes/bundled/Unified/Main/Plex/meta.prop
2023-10-11 10:09:51 (I) Loader: loading remote: /home/alan/.urserver/remotes/bundled/Unified/Main/PowerPoint Basic/meta.prop
2023-10-11 10:09:51 (I) Loader: loading remote: /home/alan/.urserver/remotes/bundled/Unified/Main/Music/meta.prop
2023-10-11 10:09:51 (I) Loader: skipping remote for platform: osx
2023-10-11 10:09:51 (I) Loader: loading remote: /home/alan/.urserver/remotes/bundled/Unified/Main/Windows Media Center/meta.prop
2023-10-11 10:09:51 (I) Loader: skipping remote for platform: windows
2023-10-11 10:09:51 (I) Loader: loading remote: /home/alan/.urserver/remotes/bundled/Unified/Main/MediaPortal/meta.prop
2023-10-11 10:09:51 (I) Loader: skipping remote for platform: windows
2023-10-11 10:09:51 (I) Loader: loading remote: /home/alan/.urserver/remotes/bundled/Unified/Main/Winamp/meta.prop
2023-10-11 10:09:51 (I) Loader: skipping remote for platform: windows
2023-10-11 10:09:51 (I) Loader: loading remote: /home/alan/.urserver/remotes/bundled/Unified/Main/MPlayerX/meta.prop
2023-10-11 10:09:51 (I) Loader: skipping remote for platform: osx
2023-10-11 10:09:51 (I) Loader: loading remote: /home/alan/.urserver/remotes/bundled/Unified/Main/Amazon Prime Video/meta.prop
2023-10-11 10:09:51 (I) Loader: loading remote: /home/alan/.urserver/remotes/bundled/Unified/Main/Movies TV/meta.prop
2023-10-11 10:09:51 (I) Loader: skipping remote for platform: windows
2023-10-11 10:09:51 (I) Loader: loading remote: /home/alan/.urserver/remotes/bundled/Unified/Core/Input/meta.prop
2023-10-11 10:09:51 (I) Loader: loading remote: /home/alan/.urserver/remotes/bundled/Unified/Core/OS/meta.prop
2023-10-11 10:09:51 (I) Loader: loading remote: /home/alan/.urserver/remotes/bundled/Unified/Core/FS/meta.prop
2023-10-11 10:09:51 (I) Loader: loading remote: /home/alan/.urserver/remotes/bundled/Unified/Core/Keyboard/meta.prop
2023-10-11 10:09:51 (I) Loader: loading remote: /home/alan/.urserver/remotes/bundled/Unified/Core/Win/meta.prop
2023-10-11 10:09:51 (I) Loader: skipping remote for platform: windows
2023-10-11 10:09:51 (I) Loader: loading remote: /home/alan/.urserver/remotes/bundled/Unified/Core/HTTP/meta.prop
2023-10-11 10:09:51 (I) Loader: loading remote: /home/alan/.urserver/remotes/bundled/Unified/Core/Mouse/meta.prop
2023-10-11 10:09:51 (I) Loader: loading remote: /home/alan/.urserver/remotes/bundled/Unified/Core/Log/meta.prop
2023-10-11 10:09:51 (I) Loader: loading remote: /home/alan/.urserver/remotes/bundled/Unified/Core/Script/meta.prop
2023-10-11 10:09:51 (I) Loader: loading remote: /home/alan/.urserver/remotes/bundled/MPC-BE/meta.prop
2023-10-11 10:09:51 (I) Loader: skipping remote for platform: windows
2023-10-11 10:09:51 (I) Loader: loading remote: /home/alan/.urserver/remotes/bundled/EyeTV/meta.prop
2023-10-11 10:09:51 (I) Loader: skipping remote for platform: osx
2023-10-11 10:09:51 (W) Loader: path does not exist (/opt/urserver/custom)
2023-10-11 10:09:51 (I) InputBuilderFactoryImpl: XDG_SESSION_TYPE=x11
2023-10-11 10:09:51 (I) InputBuilderFactoryImpl: wayland NOT detected. trying X libraries instead...
2023-10-11 10:09:51 (I) InputBuilderFactoryImpl: loaded X libraries
2023-10-11 10:09:51 (I) TCPInterfaceBase: started tcp interface on port 9512
2023-10-11 10:09:51 (I) UDPInterface: started udp interface on port 9512
2023-10-11 10:09:51 (I) HTTPInterface: started http interface on port 9510
2023-10-11 10:09:51 (E) BluetoothInterface: bluetooth: could not connect to sdp
2023-10-11 10:09:51 (I) Discovery: started discovery interface on port 9511
2023-10-11 10:09:51 (I) App: non-interactive mode
2023-10-11 10:09:51 (I) App: waiting for termination request...
2023-10-11 13:47:21 (I) BluetoothInterface: loaded bluetooth
2023-10-11 13:47:21 (I) Engine: initialized (production release 2505)
2023-10-11 13:47:21 (I) Engine: app: /opt/urserver/urserver
2023-10-11 13:47:21 (I) Engine: manager: /opt/urserver/manager
2023-10-11 13:47:21 (I) Engine: config: /home/alan/.urserver/urserver.config
2023-10-11 13:47:21 (I) Engine: logs: /home/alan/.urserver/urserver.log
2023-10-11 13:47:21 (I) Engine: remotes: /home/alan/.urserver/remotes
2023-10-11 13:47:21 (I) Engine: custom: /opt/urserver/custom
2023-10-11 13:47:21 (I) App: application starting
2023-10-11 13:47:21 (I) Loader: loading remote: /home/alan/.urserver/remotes/MPV/meta.prop
2023-10-11 13:47:21 (I) Loader: loading remote: /home/alan/.urserver/remotes/bundled/Porthole/meta.prop
2023-10-11 13:47:21 (I) Loader: skipping remote for platform: osx
2023-10-11 13:47:21 (I) Loader: loading remote: /home/alan/.urserver/remotes/bundled/Beamer/Beamer/meta.prop
2023-10-11 13:47:21 (I) Loader: skipping remote for platform: osx
2023-10-11 13:47:21 (I) Loader: loading remote: /home/alan/.urserver/remotes/bundled/Beamer/Beamer File Picker/meta.prop
2023-10-11 13:47:21 (I) Loader: skipping remote for platform: osx
2023-10-11 13:47:21 (I) Loader: loading remote: /home/alan/.urserver/remotes/bundled/Unified/Examples/Run/meta.prop
2023-10-11 13:47:21 (I) Loader: loading remote: /home/alan/.urserver/remotes/bundled/Unified/Examples/IR/meta.prop
2023-10-11 13:47:21 (I) Loader: loading remote: /home/alan/.urserver/remotes/bundled/Unified/Examples/Scripts/meta.prop
2023-10-11 13:47:21 (I) Loader: loading remote: /home/alan/.urserver/remotes/bundled/Unified/Examples/Keys/meta.prop
2023-10-11 13:47:21 (I) Loader: loading remote: /home/alan/.urserver/remotes/bundled/Unified/Examples/IR Offline/meta.prop
2023-10-11 13:47:21 (I) Loader: loading remote: /home/alan/.urserver/remotes/bundled/Unified/Examples/HTTP/meta.prop
2023-10-11 13:47:21 (I) Loader: loading remote: /home/alan/.urserver/remotes/bundled/Unified/Examples/USB-UIRT/meta.prop
2023-10-11 13:47:21 (I) Loader: skipping remote for platform: windows
2023-10-11 13:47:21 (I) Loader: loading remote: /home/alan/.urserver/remotes/bundled/Unified/Gaming/Minecraft/meta.prop
2023-10-11 13:47:21 (I) Loader: skipping remote for platform: windows
2023-10-11 13:47:21 (I) Loader: loading remote: /home/alan/.urserver/remotes/bundled/Unified/Main/TwitchTV/meta.prop
2023-10-11 13:47:21 (I) Loader: loading remote: /home/alan/.urserver/remotes/bundled/Unified/Main/Google Music/meta.prop
2023-10-11 13:47:21 (I) Loader: loading remote: /home/alan/.urserver/remotes/bundled/Unified/Main/Zoom/meta.prop
2023-10-11 13:47:21 (I) Loader: loading remote: /home/alan/.urserver/remotes/bundled/Unified/Main/XBMC Web/meta.prop
2023-10-11 13:47:21 (I) Loader: loading remote: /home/alan/.urserver/remotes/bundled/Unified/Main/VLC/meta.prop
2023-10-11 13:47:21 (I) Loader: loading remote: /home/alan/.urserver/remotes/bundled/Unified/Main/SlideShow/meta.prop
2023-10-11 13:47:21 (I) Loader: loading remote: /home/alan/.urserver/remotes/bundled/Unified/Main/Kodi Web/meta.prop
2023-10-11 13:47:21 (I) Loader: loading remote: /home/alan/.urserver/remotes/bundled/Unified/Main/Performance/meta.prop
2023-10-11 13:47:21 (I) Loader: loading remote: /home/alan/.urserver/remotes/bundled/Unified/Main/Spotify Advanced/meta.prop
2023-10-11 13:47:21 (I) Loader: loading remote: /home/alan/.urserver/remotes/bundled/Unified/Main/Keyboards/Dvorak/meta.prop
2023-10-11 13:47:21 (I) Loader: loading remote: /home/alan/.urserver/remotes/bundled/Unified/Main/Keyboards/German/meta.prop
2023-10-11 13:47:21 (I) Loader: loading remote: /home/alan/.urserver/remotes/bundled/Unified/Main/Keyboards/Navigation/meta.prop
2023-10-11 13:47:21 (I) Loader: loading remote: /home/alan/.urserver/remotes/bundled/Unified/Main/Keyboards/Swedish/meta.prop
2023-10-11 13:47:21 (I) Loader: loading remote: /home/alan/.urserver/remotes/bundled/Unified/Main/Keyboards/Arabic/meta.prop
2023-10-11 13:47:21 (I) Loader: loading remote: /home/alan/.urserver/remotes/bundled/Unified/Main/Keyboards/Russian/meta.prop
2023-10-11 13:47:21 (I) Loader: loading remote: /home/alan/.urserver/remotes/bundled/Unified/Main/Keyboards/Function/meta.prop
2023-10-11 13:47:21 (I) Loader: loading remote: /home/alan/.urserver/remotes/bundled/Unified/Main/Keyboards/English/meta.prop
2023-10-11 13:47:21 (I) Loader: loading remote: /home/alan/.urserver/remotes/bundled/Unified/Main/QuickTime Player/meta.prop
2023-10-11 13:47:21 (I) Loader: skipping remote for platform: osx
2023-10-11 13:47:21 (I) Loader: loading remote: /home/alan/.urserver/remotes/bundled/Unified/Main/Pyxel Edit-H/meta.prop
2023-10-11 13:47:21 (I) Loader: loading remote: /home/alan/.urserver/remotes/bundled/Unified/Main/Firefox/meta.prop
2023-10-11 13:47:21 (I) Loader: loading remote: /home/alan/.urserver/remotes/bundled/Unified/Main/Start/meta.prop
2023-10-11 13:47:21 (I) Loader: skipping remote for platform: win
2023-10-11 13:47:21 (I) Loader: loading remote: /home/alan/.urserver/remotes/bundled/Unified/Main/KMPlayer/meta.prop
2023-10-11 13:47:21 (I) Loader: skipping remote for platform: windows
2023-10-11 13:47:21 (I) Loader: loading remote: /home/alan/.urserver/remotes/bundled/Unified/Main/Task Manager/meta.prop
2023-10-11 13:47:21 (I) Loader: skipping remote for platform: windows macosx
2023-10-11 13:47:21 (I) Loader: loading remote: /home/alan/.urserver/remotes/bundled/Unified/Main/Napster/meta.prop
2023-10-11 13:47:21 (I) Loader: loading remote: /home/alan/.urserver/remotes/bundled/Unified/Main/KMPlayer Legacy/meta.prop
2023-10-11 13:47:21 (I) Loader: skipping remote for platform: windows
2023-10-11 13:47:21 (I) Loader: loading remote: /home/alan/.urserver/remotes/bundled/Unified/Main/foobar2000/meta.prop
2023-10-11 13:47:21 (I) Loader: skipping remote for platform: windows
2023-10-11 13:47:21 (I) Loader: loading remote: /home/alan/.urserver/remotes/bundled/Unified/Main/Launcher (Linux)/meta.prop
2023-10-11 13:47:21 (I) Loader: loading remote: /home/alan/.urserver/remotes/bundled/Unified/Main/Send Text/meta.prop
2023-10-11 13:47:21 (I) Loader: loading remote: /home/alan/.urserver/remotes/bundled/Unified/Main/TellStick Live/meta.prop
2023-10-11 13:47:21 (I) Loader: skipping remote for platform: windows
2023-10-11 13:47:21 (I) Loader: loading remote: /home/alan/.urserver/remotes/bundled/Unified/Main/IE/meta.prop
2023-10-11 13:47:21 (I) Loader: skipping remote for platform: windows
2023-10-11 13:47:21 (I) Loader: loading remote: /home/alan/.urserver/remotes/bundled/Unified/Main/BSPlayer/meta.prop
2023-10-11 13:47:21 (I) Loader: skipping remote for platform: windows
2023-10-11 13:47:21 (I) Loader: loading remote: /home/alan/.urserver/remotes/bundled/Unified/Main/Opera/meta.prop
2023-10-11 13:47:21 (I) Loader: loading remote: /home/alan/.urserver/remotes/bundled/Unified/Main/Skype/meta.prop
2023-10-11 13:47:21 (I) Loader: skipping remote for platform: legacy
2023-10-11 13:47:21 (I) Loader: loading remote: /home/alan/.urserver/remotes/bundled/Unified/Main/Safari/meta.prop
2023-10-11 13:47:21 (I) Loader: skipping remote for platform: macosx
2023-10-11 13:47:21 (I) Loader: loading remote: /home/alan/.urserver/remotes/bundled/Unified/Main/iPhoto/meta.prop
2023-10-11 13:47:21 (I) Loader: skipping remote for platform: osx
2023-10-11 13:47:21 (I) Loader: loading remote: /home/alan/.urserver/remotes/bundled/Unified/Main/Basic Input MT/meta.prop
2023-10-11 13:47:21 (I) Loader: loading remote: /home/alan/.urserver/remotes/bundled/Unified/Main/Pandora/meta.prop
2023-10-11 13:47:21 (I) Loader: loading remote: /home/alan/.urserver/remotes/bundled/Unified/Main/Crunchyroll/meta.prop
2023-10-11 13:47:21 (I) Loader: loading remote: /home/alan/.urserver/remotes/bundled/Unified/Main/TellStick/meta.prop
2023-10-11 13:47:21 (I) Loader: skipping remote for platform: windows
2023-10-11 13:47:21 (I) Loader: loading remote: /home/alan/.urserver/remotes/bundled/Unified/Main/Chrome/meta.prop
2023-10-11 13:47:21 (I) Loader: loading remote: /home/alan/.urserver/remotes/bundled/Unified/Main/Windows Media Player/meta.prop
2023-10-11 13:47:21 (I) Loader: skipping remote for platform: windows
2023-10-11 13:47:21 (I) Loader: loading remote: /home/alan/.urserver/remotes/bundled/Unified/Main/Media/meta.prop
2023-10-11 13:47:21 (I) Loader: loading remote: /home/alan/.urserver/remotes/bundled/Unified/Main/Monitor/meta.prop
2023-10-11 13:47:21 (I) Loader: loading remote: /home/alan/.urserver/remotes/bundled/Unified/Main/Netflix App/meta.prop
2023-10-11 13:47:21 (I) Loader: skipping remote for platform: windows
2023-10-11 13:47:21 (I) Loader: loading remote: /home/alan/.urserver/remotes/bundled/Unified/Main/Stremio/meta.prop
2023-10-11 13:47:21 (I) Loader: loading remote: /home/alan/.urserver/remotes/bundled/Unified/Main/Numpad/meta.prop
2023-10-11 13:47:21 (I) Loader: loading remote: /home/alan/.urserver/remotes/bundled/Unified/Main/GOM Player/meta.prop
2023-10-11 13:47:21 (I) Loader: loading remote: /home/alan/.urserver/remotes/bundled/Unified/Main/Disney+/meta.prop
2023-10-11 13:47:21 (I) Loader: loading remote: /home/alan/.urserver/remotes/bundled/Unified/Main/Daum PotPlayer/meta.prop
2023-10-11 13:47:21 (I) Loader: skipping remote for platform: windows
2023-10-11 13:47:21 (I) Loader: loading remote: /home/alan/.urserver/remotes/bundled/Unified/Main/Hulu Web/meta.prop
2023-10-11 13:47:21 (I) Loader: loading remote: /home/alan/.urserver/remotes/bundled/Unified/Main/HBO GO/meta.prop
2023-10-11 13:47:21 (I) Loader: loading remote: /home/alan/.urserver/remotes/bundled/Unified/Main/MediaMonkey/meta.prop
2023-10-11 13:47:21 (I) Loader: skipping remote for platform: windows
2023-10-11 13:47:21 (I) Loader: loading remote: /home/alan/.urserver/remotes/bundled/Unified/Main/Plex App Win10/meta.prop
2023-10-11 13:47:21 (I) Loader: skipping remote for platform: win
2023-10-11 13:47:21 (I) Loader: loading remote: /home/alan/.urserver/remotes/bundled/Unified/Main/Boxee Keyboard Legacy/meta.prop
2023-10-11 13:47:21 (I) Loader: skipping remote for platform: windows
2023-10-11 13:47:21 (I) Loader: loading remote: /home/alan/.urserver/remotes/bundled/Unified/Main/Netflix App Win10/meta.prop
2023-10-11 13:47:21 (I) Loader: skipping remote for platform: windows
2023-10-11 13:47:21 (I) Loader: loading remote: /home/alan/.urserver/remotes/bundled/Unified/Main/Pixel/meta.prop
2023-10-11 13:47:21 (I) Loader: skipping remote for platform: windows
2023-10-11 13:47:21 (I) Loader: loading remote: /home/alan/.urserver/remotes/bundled/Unified/Main/Blender Numpad Advanced/meta.prop
2023-10-11 13:47:21 (I) Loader: loading remote: /home/alan/.urserver/remotes/bundled/Unified/Main/Kodi Keyboard Dpad/meta.prop
2023-10-11 13:47:21 (I) Loader: loading remote: /home/alan/.urserver/remotes/bundled/Unified/Main/Windows Photo Viewer/meta.prop
2023-10-11 13:47:21 (I) Loader: skipping remote for platform: windows
2023-10-11 13:47:21 (I) Loader: loading remote: /home/alan/.urserver/remotes/bundled/Unified/Main/Command/meta.prop
2023-10-11 13:47:21 (I) Loader: loading remote: /home/alan/.urserver/remotes/bundled/Unified/Main/File Manager/meta.prop
2023-10-11 13:47:21 (I) Loader: loading remote: /home/alan/.urserver/remotes/bundled/Unified/Main/photos/meta.prop
2023-10-11 13:47:21 (I) Loader: skipping remote for platform: osx
2023-10-11 13:47:21 (I) Loader: loading remote: /home/alan/.urserver/remotes/bundled/Unified/Main/Hulu Desktop/meta.prop
2023-10-11 13:47:21 (I) Loader: skipping remote for platform: windows
2023-10-11 13:47:21 (I) Loader: loading remote: /home/alan/.urserver/remotes/bundled/Unified/Main/Plex Keyboard/meta.prop
2023-10-11 13:47:21 (I) Loader: loading remote: /home/alan/.urserver/remotes/bundled/Unified/Main/Kodi Keyboard/meta.prop
2023-10-11 13:47:21 (I) Loader: loading remote: /home/alan/.urserver/remotes/bundled/Unified/Main/Powder Player/meta.prop
2023-10-11 13:47:21 (I) Loader: loading remote: /home/alan/.urserver/remotes/bundled/Unified/Main/Volume/meta.prop
2023-10-11 13:47:21 (I) Loader: skipping remote for platform: windows macosx
2023-10-11 13:47:21 (I) Loader: loading remote: /home/alan/.urserver/remotes/bundled/Unified/Main/Spotify/meta.prop
2023-10-11 13:47:21 (I) Loader: loading remote: /home/alan/.urserver/remotes/bundled/Unified/Main/Screen/meta.prop
2023-10-11 13:47:21 (I) Loader: skipping remote for platform: windows macosx
2023-10-11 13:47:21 (I) Loader: loading remote: /home/alan/.urserver/remotes/bundled/Unified/Main/XBMC Keyboard/meta.prop
2023-10-11 13:47:21 (I) Loader: loading remote: /home/alan/.urserver/remotes/bundled/Unified/Main/CD-DVD Tray/meta.prop
2023-10-11 13:47:21 (I) Loader: skipping remote for platform: windows macosx
2023-10-11 13:47:21 (I) Loader: loading remote: /home/alan/.urserver/remotes/bundled/Unified/Main/Scroll Wheel/meta.prop
2023-10-11 13:47:21 (I) Loader: loading remote: /home/alan/.urserver/remotes/bundled/Unified/Main/Windows/meta.prop
2023-10-11 13:47:21 (I) Loader: skipping remote for platform: windows
2023-10-11 13:47:21 (I) Loader: loading remote: /home/alan/.urserver/remotes/bundled/Unified/Main/Spy/meta.prop
2023-10-11 13:47:21 (I) Loader: skipping remote for platform: windows
2023-10-11 13:47:21 (I) Loader: loading remote: /home/alan/.urserver/remotes/bundled/Unified/Main/SoundCloud/meta.prop
2023-10-11 13:47:21 (I) Loader: loading remote: /home/alan/.urserver/remotes/bundled/Unified/Main/Server Manager/meta.prop
2023-10-11 13:47:21 (I) Loader: loading remote: /home/alan/.urserver/remotes/bundled/Unified/Main/iTunes/meta.prop
2023-10-11 13:47:21 (I) Loader: skipping remote for platform: windows osx
2023-10-11 13:47:21 (I) Loader: loading remote: /home/alan/.urserver/remotes/bundled/Unified/Main/Photos Windows/meta.prop
2023-10-11 13:47:21 (I) Loader: skipping remote for platform: windows
2023-10-11 13:47:21 (I) Loader: loading remote: /home/alan/.urserver/remotes/bundled/Unified/Main/USB-UIRT/meta.prop
2023-10-11 13:47:21 (I) Loader: skipping remote for platform: windows
2023-10-11 13:47:21 (I) Loader: loading remote: /home/alan/.urserver/remotes/bundled/Unified/Main/Launcher (Mac)/meta.prop
2023-10-11 13:47:21 (I) Loader: skipping remote for platform: macosx
2023-10-11 13:47:21 (I) Loader: loading remote: /home/alan/.urserver/remotes/bundled/Unified/Main/JRiver/meta.prop
2023-10-11 13:47:21 (I) Loader: skipping remote for platform: windows
2023-10-11 13:47:21 (I) Loader: loading remote: /home/alan/.urserver/remotes/bundled/Unified/Main/YouTube/meta.prop
2023-10-11 13:47:21 (I) Loader: loading remote: /home/alan/.urserver/remotes/bundled/Unified/Main/MusicBee/meta.prop
2023-10-11 13:47:21 (I) Loader: skipping remote for platform: windows
2023-10-11 13:47:21 (I) Loader: loading remote: /home/alan/.urserver/remotes/bundled/Unified/Main/VLC Web/meta.prop
2023-10-11 13:47:21 (I) Loader: loading remote: /home/alan/.urserver/remotes/bundled/Unified/Main/Mac OS X/meta.prop
2023-10-11 13:47:21 (I) Loader: skipping remote for platform: osx
2023-10-11 13:47:21 (I) Loader: loading remote: /home/alan/.urserver/remotes/bundled/Unified/Main/MPC-HC/meta.prop
2023-10-11 13:47:21 (I) Loader: skipping remote for platform: windows
2023-10-11 13:47:21 (I) Loader: loading remote: /home/alan/.urserver/remotes/bundled/Unified/Main/Keynote/meta.prop
2023-10-11 13:47:21 (I) Loader: skipping remote for platform: osx
2023-10-11 13:47:21 (I) Loader: loading remote: /home/alan/.urserver/remotes/bundled/Unified/Main/Pyxel Edit-V/meta.prop
2023-10-11 13:47:21 (I) Loader: loading remote: /home/alan/.urserver/remotes/bundled/Unified/Main/Groove/meta.prop
2023-10-11 13:47:21 (I) Loader: skipping remote for platform: windows
2023-10-11 13:47:21 (I) Loader: loading remote: /home/alan/.urserver/remotes/bundled/Unified/Main/Google Presentation/meta.prop
2023-10-11 13:47:21 (I) Loader: loading remote: /home/alan/.urserver/remotes/bundled/Unified/Main/Power/meta.prop
2023-10-11 13:47:21 (I) Loader: loading remote: /home/alan/.urserver/remotes/bundled/Unified/Main/Picasa/meta.prop
2023-10-11 13:47:21 (I) Loader: skipping remote for platform: windows
2023-10-11 13:47:21 (I) Loader: loading remote: /home/alan/.urserver/remotes/bundled/Unified/Main/PowerPoint Advanced/meta.prop
2023-10-11 13:47:21 (I) Loader: skipping remote for platform: windows osx
2023-10-11 13:47:21 (I) Loader: loading remote: /home/alan/.urserver/remotes/bundled/Unified/Main/Windows 8/meta.prop
2023-10-11 13:47:21 (I) Loader: skipping remote for platform: windows
2023-10-11 13:47:21 (I) Loader: loading remote: /home/alan/.urserver/remotes/bundled/Unified/Main/Netflix/meta.prop
2023-10-11 13:47:21 (I) Loader: loading remote: /home/alan/.urserver/remotes/bundled/Unified/Main/Edge/meta.prop
2023-10-11 13:47:21 (I) Loader: loading remote: /home/alan/.urserver/remotes/bundled/Unified/Main/Boxee Web/meta.prop
2023-10-11 13:47:21 (I) Loader: loading remote: /home/alan/.urserver/remotes/bundled/Unified/Main/Basic Input/meta.prop
2023-10-11 13:47:21 (I) Loader: loading remote: /home/alan/.urserver/remotes/bundled/Unified/Main/Blender Numpad/meta.prop
2023-10-11 13:47:21 (I) Loader: loading remote: /home/alan/.urserver/remotes/bundled/Unified/Main/Magnifier/meta.prop
2023-10-11 13:47:21 (I) Loader: skipping remote for platform: windows
2023-10-11 13:47:21 (I) Loader: loading remote: /home/alan/.urserver/remotes/bundled/Unified/Main/Plex/meta.prop
2023-10-11 13:47:21 (I) Loader: loading remote: /home/alan/.urserver/remotes/bundled/Unified/Main/PowerPoint Basic/meta.prop
2023-10-11 13:47:21 (I) Loader: loading remote: /home/alan/.urserver/remotes/bundled/Unified/Main/Music/meta.prop
2023-10-11 13:47:21 (I) Loader: skipping remote for platform: osx
2023-10-11 13:47:21 (I) Loader: loading remote: /home/alan/.urserver/remotes/bundled/Unified/Main/Windows Media Center/meta.prop
2023-10-11 13:47:21 (I) Loader: skipping remote for platform: windows
2023-10-11 13:47:21 (I) Loader: loading remote: /home/alan/.urserver/remotes/bundled/Unified/Main/MediaPortal/meta.prop
2023-10-11 13:47:21 (I) Loader: skipping remote for platform: windows
2023-10-11 13:47:21 (I) Loader: loading remote: /home/alan/.urserver/remotes/bundled/Unified/Main/Winamp/meta.prop
2023-10-11 13:47:21 (I) Loader: skipping remote for platform: windows
2023-10-11 13:47:21 (I) Loader: loading remote: /home/alan/.urserver/remotes/bundled/Unified/Main/MPlayerX/meta.prop
2023-10-11 13:47:21 (I) Loader: skipping remote for platform: osx
2023-10-11 13:47:21 (I) Loader: loading remote: /home/alan/.urserver/remotes/bundled/Unified/Main/Amazon Prime Video/meta.prop
2023-10-11 13:47:21 (I) Loader: loading remote: /home/alan/.urserver/remotes/bundled/Unified/Main/Movies TV/meta.prop
2023-10-11 13:47:21 (I) Loader: skipping remote for platform: windows
2023-10-11 13:47:21 (I) Loader: loading remote: /home/alan/.urserver/remotes/bundled/Unified/Core/Input/meta.prop
2023-10-11 13:47:21 (I) Loader: loading remote: /home/alan/.urserver/remotes/bundled/Unified/Core/OS/meta.prop
2023-10-11 13:47:21 (I) Loader: loading remote: /home/alan/.urserver/remotes/bundled/Unified/Core/FS/meta.prop
2023-10-11 13:47:21 (I) Loader: loading remote: /home/alan/.urserver/remotes/bundled/Unified/Core/Keyboard/meta.prop
2023-10-11 13:47:21 (I) Loader: loading remote: /home/alan/.urserver/remotes/bundled/Unified/Core/Win/meta.prop
2023-10-11 13:47:21 (I) Loader: skipping remote for platform: windows
2023-10-11 13:47:21 (I) Loader: loading remote: /home/alan/.urserver/remotes/bundled/Unified/Core/HTTP/meta.prop
2023-10-11 13:47:21 (I) Loader: loading remote: /home/alan/.urserver/remotes/bundled/Unified/Core/Mouse/meta.prop
2023-10-11 13:47:21 (I) Loader: loading remote: /home/alan/.urserver/remotes/bundled/Unified/Core/Log/meta.prop
2023-10-11 13:47:21 (I) Loader: loading remote: /home/alan/.urserver/remotes/bundled/Unified/Core/Script/meta.prop
2023-10-11 13:47:21 (I) Loader: loading remote: /home/alan/.urserver/remotes/bundled/MPC-BE/meta.prop
2023-10-11 13:47:21 (I) Loader: skipping remote for platform: windows
2023-10-11 13:47:21 (I) Loader: loading remote: /home/alan/.urserver/remotes/bundled/EyeTV/meta.prop
2023-10-11 13:47:21 (I) Loader: skipping remote for platform: osx
2023-10-11 13:47:21 (W) Loader: path does not exist (/opt/urserver/custom)
2023-10-11 13:47:21 (I) InputBuilderFactoryImpl: XDG_SESSION_TYPE=x11
2023-10-11 13:47:21 (I) InputBuilderFactoryImpl: wayland NOT detected. trying X libraries instead...
2023-10-11 13:47:21 (I) InputBuilderFactoryImpl: loaded X libraries
2023-10-11 13:47:21 (I) TCPInterfaceBase: started tcp interface on port 9512
2023-10-11 13:47:21 (I) UDPInterface: started udp interface on port 9512
2023-10-11 13:47:21 (I) HTTPInterface: started http interface on port 9510
2023-10-11 13:47:21 (E) BluetoothInterface: bluetooth: could not connect to sdp
2023-10-11 13:47:21 (I) Discovery: started discovery interface on port 9511
2023-10-11 13:47:21 (I) App: non-interactive mode
2023-10-11 13:47:21 (I) App: waiting for termination request...
2023-10-11 23:15:35 (I) BluetoothInterface: loaded bluetooth
2023-10-11 23:15:35 (I) Engine: initialized (production release 2505)
2023-10-11 23:15:35 (I) Engine: app: /opt/urserver/urserver
2023-10-11 23:15:35 (I) Engine: manager: /opt/urserver/manager
2023-10-11 23:15:35 (I) Engine: config: /home/alan/.urserver/urserver.config
2023-10-11 23:15:35 (I) Engine: logs: /home/alan/.urserver/urserver.log
2023-10-11 23:15:35 (I) Engine: remotes: /home/alan/.urserver/remotes
2023-10-11 23:15:35 (I) Engine: custom: /opt/urserver/custom
2023-10-11 23:15:35 (I) App: application starting
2023-10-11 23:15:35 (I) Loader: loading remote: /home/alan/.urserver/remotes/MPV/meta.prop
2023-10-11 23:15:35 (I) Loader: loading remote: /home/alan/.urserver/remotes/bundled/Porthole/meta.prop
2023-10-11 23:15:35 (I) Loader: skipping remote for platform: osx
2023-10-11 23:15:35 (I) Loader: loading remote: /home/alan/.urserver/remotes/bundled/Beamer/Beamer/meta.prop
2023-10-11 23:15:35 (I) Loader: skipping remote for platform: osx
2023-10-11 23:15:35 (I) Loader: loading remote: /home/alan/.urserver/remotes/bundled/Beamer/Beamer File Picker/meta.prop
2023-10-11 23:15:35 (I) Loader: skipping remote for platform: osx
2023-10-11 23:15:35 (I) Loader: loading remote: /home/alan/.urserver/remotes/bundled/Unified/Examples/Run/meta.prop
2023-10-11 23:15:35 (I) Loader: loading remote: /home/alan/.urserver/remotes/bundled/Unified/Examples/IR/meta.prop
2023-10-11 23:15:35 (I) Loader: loading remote: /home/alan/.urserver/remotes/bundled/Unified/Examples/Scripts/meta.prop
2023-10-11 23:15:35 (I) Loader: loading remote: /home/alan/.urserver/remotes/bundled/Unified/Examples/Keys/meta.prop
2023-10-11 23:15:35 (I) Loader: loading remote: /home/alan/.urserver/remotes/bundled/Unified/Examples/IR Offline/meta.prop
2023-10-11 23:15:35 (I) Loader: loading remote: /home/alan/.urserver/remotes/bundled/Unified/Examples/HTTP/meta.prop
2023-10-11 23:15:35 (I) Loader: loading remote: /home/alan/.urserver/remotes/bundled/Unified/Examples/USB-UIRT/meta.prop
2023-10-11 23:15:35 (I) Loader: skipping remote for platform: windows
2023-10-11 23:15:35 (I) Loader: loading remote: /home/alan/.urserver/remotes/bundled/Unified/Gaming/Minecraft/meta.prop
2023-10-11 23:15:35 (I) Loader: skipping remote for platform: windows
2023-10-11 23:15:35 (I) Loader: loading remote: /home/alan/.urserver/remotes/bundled/Unified/Main/TwitchTV/meta.prop
2023-10-11 23:15:35 (I) Loader: loading remote: /home/alan/.urserver/remotes/bundled/Unified/Main/Google Music/meta.prop
2023-10-11 23:15:35 (I) Loader: loading remote: /home/alan/.urserver/remotes/bundled/Unified/Main/Zoom/meta.prop
2023-10-11 23:15:35 (I) Loader: loading remote: /home/alan/.urserver/remotes/bundled/Unified/Main/XBMC Web/meta.prop
2023-10-11 23:15:35 (I) Loader: loading remote: /home/alan/.urserver/remotes/bundled/Unified/Main/VLC/meta.prop
2023-10-11 23:15:35 (I) Loader: loading remote: /home/alan/.urserver/remotes/bundled/Unified/Main/SlideShow/meta.prop
2023-10-11 23:15:35 (I) Loader: loading remote: /home/alan/.urserver/remotes/bundled/Unified/Main/Kodi Web/meta.prop
2023-10-11 23:15:35 (I) Loader: loading remote: /home/alan/.urserver/remotes/bundled/Unified/Main/Performance/meta.prop
2023-10-11 23:15:35 (I) Loader: loading remote: /home/alan/.urserver/remotes/bundled/Unified/Main/Spotify Advanced/meta.prop
2023-10-11 23:15:35 (I) Loader: loading remote: /home/alan/.urserver/remotes/bundled/Unified/Main/Keyboards/Dvorak/meta.prop
2023-10-11 23:15:36 (I) Loader: loading remote: /home/alan/.urserver/remotes/bundled/Unified/Main/Keyboards/German/meta.prop
2023-10-11 23:15:36 (I) Loader: loading remote: /home/alan/.urserver/remotes/bundled/Unified/Main/Keyboards/Navigation/meta.prop
2023-10-11 23:15:36 (I) Loader: loading remote: /home/alan/.urserver/remotes/bundled/Unified/Main/Keyboards/Swedish/meta.prop
2023-10-11 23:15:36 (I) Loader: loading remote: /home/alan/.urserver/remotes/bundled/Unified/Main/Keyboards/Arabic/meta.prop
2023-10-11 23:15:36 (I) Loader: loading remote: /home/alan/.urserver/remotes/bundled/Unified/Main/Keyboards/Russian/meta.prop
2023-10-11 23:15:36 (I) Loader: loading remote: /home/alan/.urserver/remotes/bundled/Unified/Main/Keyboards/Function/meta.prop
2023-10-11 23:15:36 (I) Loader: loading remote: /home/alan/.urserver/remotes/bundled/Unified/Main/Keyboards/English/meta.prop
2023-10-11 23:15:36 (I) Loader: loading remote: /home/alan/.urserver/remotes/bundled/Unified/Main/QuickTime Player/meta.prop
2023-10-11 23:15:36 (I) Loader: skipping remote for platform: osx
2023-10-11 23:15:36 (I) Loader: loading remote: /home/alan/.urserver/remotes/bundled/Unified/Main/Pyxel Edit-H/meta.prop
2023-10-11 23:15:36 (I) Loader: loading remote: /home/alan/.urserver/remotes/bundled/Unified/Main/Firefox/meta.prop
2023-10-11 23:15:36 (I) Loader: loading remote: /home/alan/.urserver/remotes/bundled/Unified/Main/Start/meta.prop
2023-10-11 23:15:36 (I) Loader: skipping remote for platform: win
2023-10-11 23:15:36 (I) Loader: loading remote: /home/alan/.urserver/remotes/bundled/Unified/Main/KMPlayer/meta.prop
2023-10-11 23:15:36 (I) Loader: skipping remote for platform: windows
2023-10-11 23:15:36 (I) Loader: loading remote: /home/alan/.urserver/remotes/bundled/Unified/Main/Task Manager/meta.prop
2023-10-11 23:15:36 (I) Loader: skipping remote for platform: windows macosx
2023-10-11 23:15:36 (I) Loader: loading remote: /home/alan/.urserver/remotes/bundled/Unified/Main/Napster/meta.prop
2023-10-11 23:15:36 (I) Loader: loading remote: /home/alan/.urserver/remotes/bundled/Unified/Main/KMPlayer Legacy/meta.prop
2023-10-11 23:15:36 (I) Loader: skipping remote for platform: windows
2023-10-11 23:15:36 (I) Loader: loading remote: /home/alan/.urserver/remotes/bundled/Unified/Main/foobar2000/meta.prop
2023-10-11 23:15:36 (I) Loader: skipping remote for platform: windows
2023-10-11 23:15:36 (I) Loader: loading remote: /home/alan/.urserver/remotes/bundled/Unified/Main/Launcher (Linux)/meta.prop
2023-10-11 23:15:36 (I) Loader: loading remote: /home/alan/.urserver/remotes/bundled/Unified/Main/Send Text/meta.prop
2023-10-11 23:15:36 (I) Loader: loading remote: /home/alan/.urserver/remotes/bundled/Unified/Main/TellStick Live/meta.prop
2023-10-11 23:15:36 (I) Loader: skipping remote for platform: windows
2023-10-11 23:15:36 (I) Loader: loading remote: /home/alan/.urserver/remotes/bundled/Unified/Main/IE/meta.prop
2023-10-11 23:15:36 (I) Loader: skipping remote for platform: windows
2023-10-11 23:15:36 (I) Loader: loading remote: /home/alan/.urserver/remotes/bundled/Unified/Main/BSPlayer/meta.prop
2023-10-11 23:15:36 (I) Loader: skipping remote for platform: windows
2023-10-11 23:15:36 (I) Loader: loading remote: /home/alan/.urserver/remotes/bundled/Unified/Main/Opera/meta.prop
2023-10-11 23:15:36 (I) Loader: loading remote: /home/alan/.urserver/remotes/bundled/Unified/Main/Skype/meta.prop
2023-10-11 23:15:36 (I) Loader: skipping remote for platform: legacy
2023-10-11 23:15:36 (I) Loader: loading remote: /home/alan/.urserver/remotes/bundled/Unified/Main/Safari/meta.prop
2023-10-11 23:15:36 (I) Loader: skipping remote for platform: macosx
2023-10-11 23:15:36 (I) Loader: loading remote: /home/alan/.urserver/remotes/bundled/Unified/Main/iPhoto/meta.prop
2023-10-11 23:15:36 (I) Loader: skipping remote for platform: osx
2023-10-11 23:15:36 (I) Loader: loading remote: /home/alan/.urserver/remotes/bundled/Unified/Main/Basic Input MT/meta.prop
2023-10-11 23:15:36 (I) Loader: loading remote: /home/alan/.urserver/remotes/bundled/Unified/Main/Pandora/meta.prop
2023-10-11 23:15:36 (I) Loader: loading remote: /home/alan/.urserver/remotes/bundled/Unified/Main/Crunchyroll/meta.prop
2023-10-11 23:15:36 (I) Loader: loading remote: /home/alan/.urserver/remotes/bundled/Unified/Main/TellStick/meta.prop
2023-10-11 23:15:36 (I) Loader: skipping remote for platform: windows
2023-10-11 23:15:36 (I) Loader: loading remote: /home/alan/.urserver/remotes/bundled/Unified/Main/Chrome/meta.prop
2023-10-11 23:15:36 (I) Loader: loading remote: /home/alan/.urserver/remotes/bundled/Unified/Main/Windows Media Player/meta.prop
2023-10-11 23:15:36 (I) Loader: skipping remote for platform: windows
2023-10-11 23:15:36 (I) Loader: loading remote: /home/alan/.urserver/remotes/bundled/Unified/Main/Media/meta.prop
2023-10-11 23:15:36 (I) Loader: loading remote: /home/alan/.urserver/remotes/bundled/Unified/Main/Monitor/meta.prop
2023-10-11 23:15:36 (I) Loader: loading remote: /home/alan/.urserver/remotes/bundled/Unified/Main/Netflix App/meta.prop
2023-10-11 23:15:36 (I) Loader: skipping remote for platform: windows
2023-10-11 23:15:36 (I) Loader: loading remote: /home/alan/.urserver/remotes/bundled/Unified/Main/Stremio/meta.prop
2023-10-11 23:15:36 (I) Loader: loading remote: /home/alan/.urserver/remotes/bundled/Unified/Main/Numpad/meta.prop
2023-10-11 23:15:36 (I) Loader: loading remote: /home/alan/.urserver/remotes/bundled/Unified/Main/GOM Player/meta.prop
2023-10-11 23:15:36 (I) Loader: loading remote: /home/alan/.urserver/remotes/bundled/Unified/Main/Disney+/meta.prop
2023-10-11 23:15:36 (I) Loader: loading remote: /home/alan/.urserver/remotes/bundled/Unified/Main/Daum PotPlayer/meta.prop
2023-10-11 23:15:36 (I) Loader: skipping remote for platform: windows
2023-10-11 23:15:36 (I) Loader: loading remote: /home/alan/.urserver/remotes/bundled/Unified/Main/Hulu Web/meta.prop
2023-10-11 23:15:36 (I) Loader: loading remote: /home/alan/.urserver/remotes/bundled/Unified/Main/HBO GO/meta.prop
2023-10-11 23:15:36 (I) Loader: loading remote: /home/alan/.urserver/remotes/bundled/Unified/Main/MediaMonkey/meta.prop
2023-10-11 23:15:36 (I) Loader: skipping remote for platform: windows
2023-10-11 23:15:36 (I) Loader: loading remote: /home/alan/.urserver/remotes/bundled/Unified/Main/Plex App Win10/meta.prop
2023-10-11 23:15:36 (I) Loader: skipping remote for platform: win
2023-10-11 23:15:36 (I) Loader: loading remote: /home/alan/.urserver/remotes/bundled/Unified/Main/Boxee Keyboard Legacy/meta.prop
2023-10-11 23:15:36 (I) Loader: skipping remote for platform: windows
2023-10-11 23:15:36 (I) Loader: loading remote: /home/alan/.urserver/remotes/bundled/Unified/Main/Netflix App Win10/meta.prop
2023-10-11 23:15:36 (I) Loader: skipping remote for platform: windows
2023-10-11 23:15:36 (I) Loader: loading remote: /home/alan/.urserver/remotes/bundled/Unified/Main/Pixel/meta.prop
2023-10-11 23:15:36 (I) Loader: skipping remote for platform: windows
2023-10-11 23:15:36 (I) Loader: loading remote: /home/alan/.urserver/remotes/bundled/Unified/Main/Blender Numpad Advanced/meta.prop
2023-10-11 23:15:36 (I) Loader: loading remote: /home/alan/.urserver/remotes/bundled/Unified/Main/Kodi Keyboard Dpad/meta.prop
2023-10-11 23:15:36 (I) Loader: loading remote: /home/alan/.urserver/remotes/bundled/Unified/Main/Windows Photo Viewer/meta.prop
2023-10-11 23:15:36 (I) Loader: skipping remote for platform: windows
2023-10-11 23:15:36 (I) Loader: loading remote: /home/alan/.urserver/remotes/bundled/Unified/Main/Command/meta.prop
2023-10-11 23:15:36 (I) Loader: loading remote: /home/alan/.urserver/remotes/bundled/Unified/Main/File Manager/meta.prop
2023-10-11 23:15:36 (I) Loader: loading remote: /home/alan/.urserver/remotes/bundled/Unified/Main/photos/meta.prop
2023-10-11 23:15:36 (I) Loader: skipping remote for platform: osx
2023-10-11 23:15:36 (I) Loader: loading remote: /home/alan/.urserver/remotes/bundled/Unified/Main/Hulu Desktop/meta.prop
2023-10-11 23:15:36 (I) Loader: skipping remote for platform: windows
2023-10-11 23:15:36 (I) Loader: loading remote: /home/alan/.urserver/remotes/bundled/Unified/Main/Plex Keyboard/meta.prop
2023-10-11 23:15:36 (I) Loader: loading remote: /home/alan/.urserver/remotes/bundled/Unified/Main/Kodi Keyboard/meta.prop
2023-10-11 23:15:36 (I) Loader: loading remote: /home/alan/.urserver/remotes/bundled/Unified/Main/Powder Player/meta.prop
2023-10-11 23:15:36 (I) Loader: loading remote: /home/alan/.urserver/remotes/bundled/Unified/Main/Volume/meta.prop
2023-10-11 23:15:36 (I) Loader: skipping remote for platform: windows macosx
2023-10-11 23:15:36 (I) Loader: loading remote: /home/alan/.urserver/remotes/bundled/Unified/Main/Spotify/meta.prop
2023-10-11 23:15:36 (I) Loader: loading remote: /home/alan/.urserver/remotes/bundled/Unified/Main/Screen/meta.prop
2023-10-11 23:15:36 (I) Loader: skipping remote for platform: windows macosx
2023-10-11 23:15:36 (I) Loader: loading remote: /home/alan/.urserver/remotes/bundled/Unified/Main/XBMC Keyboard/meta.prop
2023-10-11 23:15:36 (I) Loader: loading remote: /home/alan/.urserver/remotes/bundled/Unified/Main/CD-DVD Tray/meta.prop
2023-10-11 23:15:36 (I) Loader: skipping remote for platform: windows macosx
2023-10-11 23:15:36 (I) Loader: loading remote: /home/alan/.urserver/remotes/bundled/Unified/Main/Scroll Wheel/meta.prop
2023-10-11 23:15:36 (I) Loader: loading remote: /home/alan/.urserver/remotes/bundled/Unified/Main/Windows/meta.prop
2023-10-11 23:15:36 (I) Loader: skipping remote for platform: windows
2023-10-11 23:15:36 (I) Loader: loading remote: /home/alan/.urserver/remotes/bundled/Unified/Main/Spy/meta.prop
2023-10-11 23:15:36 (I) Loader: skipping remote for platform: windows
2023-10-11 23:15:36 (I) Loader: loading remote: /home/alan/.urserver/remotes/bundled/Unified/Main/SoundCloud/meta.prop
2023-10-11 23:15:36 (I) Loader: loading remote: /home/alan/.urserver/remotes/bundled/Unified/Main/Server Manager/meta.prop
2023-10-11 23:15:36 (I) Loader: loading remote: /home/alan/.urserver/remotes/bundled/Unified/Main/iTunes/meta.prop
2023-10-11 23:15:36 (I) Loader: skipping remote for platform: windows osx
2023-10-11 23:15:36 (I) Loader: loading remote: /home/alan/.urserver/remotes/bundled/Unified/Main/Photos Windows/meta.prop
2023-10-11 23:15:36 (I) Loader: skipping remote for platform: windows
2023-10-11 23:15:36 (I) Loader: loading remote: /home/alan/.urserver/remotes/bundled/Unified/Main/USB-UIRT/meta.prop
2023-10-11 23:15:36 (I) Loader: skipping remote for platform: windows
2023-10-11 23:15:36 (I) Loader: loading remote: /home/alan/.urserver/remotes/bundled/Unified/Main/Launcher (Mac)/meta.prop
2023-10-11 23:15:36 (I) Loader: skipping remote for platform: macosx
2023-10-11 23:15:36 (I) Loader: loading remote: /home/alan/.urserver/remotes/bundled/Unified/Main/JRiver/meta.prop
2023-10-11 23:15:36 (I) Loader: skipping remote for platform: windows
2023-10-11 23:15:36 (I) Loader: loading remote: /home/alan/.urserver/remotes/bundled/Unified/Main/YouTube/meta.prop
2023-10-11 23:15:36 (I) Loader: loading remote: /home/alan/.urserver/remotes/bundled/Unified/Main/MusicBee/meta.prop
2023-10-11 23:15:36 (I) Loader: skipping remote for platform: windows
2023-10-11 23:15:36 (I) Loader: loading remote: /home/alan/.urserver/remotes/bundled/Unified/Main/VLC Web/meta.prop
2023-10-11 23:15:36 (I) Loader: loading remote: /home/alan/.urserver/remotes/bundled/Unified/Main/Mac OS X/meta.prop
2023-10-11 23:15:36 (I) Loader: skipping remote for platform: osx
2023-10-11 23:15:36 (I) Loader: loading remote: /home/alan/.urserver/remotes/bundled/Unified/Main/MPC-HC/meta.prop
2023-10-11 23:15:36 (I) Loader: skipping remote for platform: windows
2023-10-11 23:15:36 (I) Loader: loading remote: /home/alan/.urserver/remotes/bundled/Unified/Main/Keynote/meta.prop
2023-10-11 23:15:36 (I) Loader: skipping remote for platform: osx
2023-10-11 23:15:36 (I) Loader: loading remote: /home/alan/.urserver/remotes/bundled/Unified/Main/Pyxel Edit-V/meta.prop
2023-10-11 23:15:36 (I) Loader: loading remote: /home/alan/.urserver/remotes/bundled/Unified/Main/Groove/meta.prop
2023-10-11 23:15:36 (I) Loader: skipping remote for platform: windows
2023-10-11 23:15:36 (I) Loader: loading remote: /home/alan/.urserver/remotes/bundled/Unified/Main/Google Presentation/meta.prop
2023-10-11 23:15:36 (I) Loader: loading remote: /home/alan/.urserver/remotes/bundled/Unified/Main/Power/meta.prop
2023-10-11 23:15:36 (I) Loader: loading remote: /home/alan/.urserver/remotes/bundled/Unified/Main/Picasa/meta.prop
2023-10-11 23:15:36 (I) Loader: skipping remote for platform: windows
2023-10-11 23:15:36 (I) Loader: loading remote: /home/alan/.urserver/remotes/bundled/Unified/Main/PowerPoint Advanced/meta.prop
2023-10-11 23:15:36 (I) Loader: skipping remote for platform: windows osx
2023-10-11 23:15:36 (I) Loader: loading remote: /home/alan/.urserver/remotes/bundled/Unified/Main/Windows 8/meta.prop
2023-10-11 23:15:36 (I) Loader: skipping remote for platform: windows
2023-10-11 23:15:36 (I) Loader: loading remote: /home/alan/.urserver/remotes/bundled/Unified/Main/Netflix/meta.prop
2023-10-11 23:15:36 (I) Loader: loading remote: /home/alan/.urserver/remotes/bundled/Unified/Main/Edge/meta.prop
2023-10-11 23:15:36 (I) Loader: loading remote: /home/alan/.urserver/remotes/bundled/Unified/Main/Boxee Web/meta.prop
2023-10-11 23:15:36 (I) Loader: loading remote: /home/alan/.urserver/remotes/bundled/Unified/Main/Basic Input/meta.prop
2023-10-11 23:15:36 (I) Loader: loading remote: /home/alan/.urserver/remotes/bundled/Unified/Main/Blender Numpad/meta.prop
2023-10-11 23:15:36 (I) Loader: loading remote: /home/alan/.urserver/remotes/bundled/Unified/Main/Magnifier/meta.prop
2023-10-11 23:15:36 (I) Loader: skipping remote for platform: windows
2023-10-11 23:15:36 (I) Loader: loading remote: /home/alan/.urserver/remotes/bundled/Unified/Main/Plex/meta.prop
2023-10-11 23:15:36 (I) Loader: loading remote: /home/alan/.urserver/remotes/bundled/Unified/Main/PowerPoint Basic/meta.prop
2023-10-11 23:15:36 (I) Loader: loading remote: /home/alan/.urserver/remotes/bundled/Unified/Main/Music/meta.prop
2023-10-11 23:15:36 (I) Loader: skipping remote for platform: osx
2023-10-11 23:15:36 (I) Loader: loading remote: /home/alan/.urserver/remotes/bundled/Unified/Main/Windows Media Center/meta.prop
2023-10-11 23:15:36 (I) Loader: skipping remote for platform: windows
2023-10-11 23:15:36 (I) Loader: loading remote: /home/alan/.urserver/remotes/bundled/Unified/Main/MediaPortal/meta.prop
2023-10-11 23:15:36 (I) Loader: skipping remote for platform: windows
2023-10-11 23:15:36 (I) Loader: loading remote: /home/alan/.urserver/remotes/bundled/Unified/Main/Winamp/meta.prop
2023-10-11 23:15:36 (I) Loader: skipping remote for platform: windows
2023-10-11 23:15:36 (I) Loader: loading remote: /home/alan/.urserver/remotes/bundled/Unified/Main/MPlayerX/meta.prop
2023-10-11 23:15:36 (I) Loader: skipping remote for platform: osx
2023-10-11 23:15:36 (I) Loader: loading remote: /home/alan/.urserver/remotes/bundled/Unified/Main/Amazon Prime Video/meta.prop
2023-10-11 23:15:36 (I) Loader: loading remote: /home/alan/.urserver/remotes/bundled/Unified/Main/Movies TV/meta.prop
2023-10-11 23:15:36 (I) Loader: skipping remote for platform: windows
2023-10-11 23:15:36 (I) Loader: loading remote: /home/alan/.urserver/remotes/bundled/Unified/Core/Input/meta.prop
2023-10-11 23:15:36 (I) Loader: loading remote: /home/alan/.urserver/remotes/bundled/Unified/Core/OS/meta.prop
2023-10-11 23:15:36 (I) Loader: loading remote: /home/alan/.urserver/remotes/bundled/Unified/Core/FS/meta.prop
2023-10-11 23:15:36 (I) Loader: loading remote: /home/alan/.urserver/remotes/bundled/Unified/Core/Keyboard/meta.prop
2023-10-11 23:15:36 (I) Loader: loading remote: /home/alan/.urserver/remotes/bundled/Unified/Core/Win/meta.prop
2023-10-11 23:15:36 (I) Loader: skipping remote for platform: windows
2023-10-11 23:15:36 (I) Loader: loading remote: /home/alan/.urserver/remotes/bundled/Unified/Core/HTTP/meta.prop
2023-10-11 23:15:36 (I) Loader: loading remote: /home/alan/.urserver/remotes/bundled/Unified/Core/Mouse/meta.prop
2023-10-11 23:15:36 (I) Loader: loading remote: /home/alan/.urserver/remotes/bundled/Unified/Core/Log/meta.prop
2023-10-11 23:15:36 (I) Loader: loading remote: /home/alan/.urserver/remotes/bundled/Unified/Core/Script/meta.prop
2023-10-11 23:15:36 (I) Loader: loading remote: /home/alan/.urserver/remotes/bundled/MPC-BE/meta.prop
2023-10-11 23:15:36 (I) Loader: skipping remote for platform: windows
2023-10-11 23:15:36 (I) Loader: loading remote: /home/alan/.urserver/remotes/bundled/EyeTV/meta.prop
2023-10-11 23:15:36 (I) Loader: skipping remote for platform: osx
2023-10-11 23:15:36 (W) Loader: path does not exist (/opt/urserver/custom)
2023-10-11 23:15:36 (I) InputBuilderFactoryImpl: XDG_SESSION_TYPE=x11
2023-10-11 23:15:36 (I) InputBuilderFactoryImpl: wayland NOT detected. trying X libraries instead...
2023-10-11 23:15:36 (I) InputBuilderFactoryImpl: loaded X libraries
2023-10-11 23:15:36 (I) TCPInterfaceBase: started tcp interface on port 9512
2023-10-11 23:15:36 (I) UDPInterface: started udp interface on port 9512
2023-10-11 23:15:36 (I) HTTPInterface: started http interface on port 9510
2023-10-11 23:15:36 (E) BluetoothInterface: bluetooth: could not connect to sdp
2023-10-11 23:15:36 (I) Discovery: started discovery interface on port 9511
2023-10-11 23:15:36 (I) App: non-interactive mode
2023-10-11 23:15:36 (I) App: waiting for termination request...
